2024-12-24 11:10:16.474  INFO 22660 --- [restartedMain] c.z.Spring_Zalo.SpringZaloApplication    : Starting SpringZaloApplication using Java 17.0.5 with PID 22660 (C:\dang\spring_mogodb\target\classes started by ADMIN in C:\dang\spring_mogodb)
2024-12-24 11:10:16.485  INFO 22660 --- [restartedMain] c.z.Spring_Zalo.SpringZaloApplication    : No active profile set, falling back to 1 default profile: "default"
2024-12-24 11:10:16.548  INFO 22660 --- [restartedMain] .e.DevToolsPropertyDefaultsPostProcessor : Devtools property defaults active! Set 'spring.devtools.add-properties' to 'false' to disable
2024-12-24 11:10:16.549  INFO 22660 --- [restartedMain] .e.DevToolsPropertyDefaultsPostProcessor : For additional web related logging consider setting the 'logging.level.web' property to 'DEBUG'
2024-12-24 11:10:17.610  INFO 22660 --- [restartedMain] .s.d.r.c.RepositoryConfigurationDelegate : Bootstrapping Spring Data MongoDB repositories in DEFAULT mode.
2024-12-24 11:10:17.688  INFO 22660 --- [restartedMain] .s.d.r.c.RepositoryConfigurationDelegate : Finished Spring Data repository scanning in 72 ms. Found 7 MongoDB repository interfaces.
2024-12-24 11:10:18.151  INFO 22660 --- [restartedMain] o.s.b.w.embedded.tomcat.TomcatWebServer  : Tomcat initialized with port(s): 8081 (http)
2024-12-24 11:10:18.161  INFO 22660 --- [restartedMain] o.apache.catalina.core.StandardService   : Starting service [Tomcat]
2024-12-24 11:10:18.162  INFO 22660 --- [restartedMain] o.apache.catalina.core.StandardEngine    : Starting Servlet engine: [Apache Tomcat/10.1.15]
2024-12-24 11:10:18.223  INFO 22660 --- [restartedMain] o.a.c.c.C.[Tomcat].[localhost].[/]       : Initializing Spring embedded WebApplicationContext
2024-12-24 11:10:18.223  INFO 22660 --- [restartedMain] w.s.c.ServletWebServerApplicationContext : Root WebApplicationContext: initialization completed in 1673 ms
2024-12-24 11:10:18.376  INFO 22660 --- [cluster-ClusterId{value='676a342a2b1aa979268d94bc', description='null'}-srv-springreact.2822w.mongodb.net] org.mongodb.driver.cluster               : Adding discovered server springreact-shard-00-01.2822w.mongodb.net:27017 to client view of cluster
2024-12-24 11:10:18.380  INFO 22660 --- [restartedMain] org.mongodb.driver.client                : MongoClient with metadata {"driver": {"name": "mongo-java-driver|sync|spring-boot", "version": "4.9.1"}, "os": {"type": "Windows", "name": "Windows 11", "architecture": "amd64", "version": "10.0"}, "platform": "Java/Eclipse Adoptium/17.0.5+8"} created with settings MongoClientSettings{readPreference=primary, writeConcern=WriteConcern{w=null, wTimeout=null ms, journal=null}, retryWrites=true, retryReads=true, readConcern=ReadConcern{level=null}, credential=MongoCredential{mechanism=null, userName='dang', source='admin', password=<hidden>, mechanismProperties=<hidden>}, streamFactoryFactory=null, commandListeners=[], codecRegistry=ProvidersCodecRegistry{codecProviders=[ValueCodecProvider{}, BsonValueCodecProvider{}, DBRefCodecProvider{}, DBObjectCodecProvider{}, DocumentCodecProvider{}, CollectionCodecProvider{}, IterableCodecProvider{}, MapCodecProvider{}, GeoJsonCodecProvider{}, GridFSFileCodecProvider{}, Jsr310CodecProvider{}, JsonObjectCodecProvider{}, BsonCodecProvider{}, EnumCodecProvider{}, com.mongodb.client.model.mql.ExpressionCodecProvider@7b060852, com.mongodb.Jep395RecordCodecProvider@32a8bb4]}, loggerSettings=LoggerSettings{maxDocumentLength=1000}, clusterSettings={hosts=[127.0.0.1:27017], srvHost=springreact.2822w.mongodb.net, srvServiceName=mongodb, mode=MULTIPLE, requiredClusterType=REPLICA_SET, requiredReplicaSetName='atlas-evrznc-shard-0', serverSelector='null', clusterListeners='[]', serverSelectionTimeout='30000 ms', localThreshold='30000 ms'}, socketSettings=SocketSettings{connectTimeoutMS=10000, readTimeoutMS=0, receiveBufferSize=0, sendBufferSize=0}, heartbeatSocketSettings=SocketSettings{connectTimeoutMS=10000, readTimeoutMS=10000, receiveBufferSize=0, sendBufferSize=0}, connectionPoolSettings=ConnectionPoolSettings{maxSize=100, minSize=0, maxWaitTimeMS=120000, maxConnectionLifeTimeMS=0, maxConnectionIdleTimeMS=0, maintenanceInitialDelayMS=0, maintenanceFrequencyMS=60000, connectionPoolListeners=[], maxConnecting=2}, serverSettings=ServerSettings{heartbeatFrequencyMS=10000, minHeartbeatFrequencyMS=500, serverListeners='[]', serverMonitorListeners='[]'}, sslSettings=SslSettings{enabled=true, invalidHostNameAllowed=false, context=null}, applicationName='null', compressorList=[], uuidRepresentation=JAVA_LEGACY, serverApi=null, autoEncryptionSettings=null, contextProvider=null}
2024-12-24 11:10:18.405  INFO 22660 --- [cluster-ClusterId{value='676a342a2b1aa979268d94bc', description='null'}-srv-springreact.2822w.mongodb.net] org.mongodb.driver.cluster               : Adding discovered server springreact-shard-00-00.2822w.mongodb.net:27017 to client view of cluster
2024-12-24 11:10:18.405  INFO 22660 --- [cluster-ClusterId{value='676a342a2b1aa979268d94bc', description='null'}-srv-springreact.2822w.mongodb.net] org.mongodb.driver.cluster               : Adding discovered server springreact-shard-00-02.2822w.mongodb.net:27017 to client view of cluster
2024-12-24 11:10:18.884  INFO 22660 --- [restartedMain] o.s.b.d.a.OptionalLiveReloadServer       : LiveReload server is running on port 35729
2024-12-24 11:10:18.973  INFO 22660 --- [cluster-ClusterId{value='676a342a2b1aa979268d94bc', description='null'}-springreact-shard-00-01.2822w.mongodb.net:27017] org.mongodb.driver.cluster               : Monitor thread successfully connected to server with description ServerDescription{address=springreact-shard-00-01.2822w.mongodb.net:27017, type=REPLICA_SET_SECONDARY, state=CONNECTED, ok=true, minWireVersion=0, maxWireVersion=25, maxDocumentSize=16777216, logicalSessionTimeoutMinutes=30, roundTripTimeNanos=280782100, setName='atlas-evrznc-shard-0', canonicalAddress=springreact-shard-00-01.2822w.mongodb.net:27017, hosts=[springreact-shard-00-00.2822w.mongodb.net:27017, springreact-shard-00-01.2822w.mongodb.net:27017, springreact-shard-00-02.2822w.mongodb.net:27017], passives=[], arbiters=[], primary='springreact-shard-00-02.2822w.mongodb.net:27017', tagSet=TagSet{[Tag{name='availabilityZone', value='apse1-az2'}, Tag{name='diskState', value='READY'}, Tag{name='nodeType', value='ELECTABLE'}, Tag{name='provider', value='AWS'}, Tag{name='region', value='AP_SOUTHEAST_1'}, Tag{name='workloadType', value='OPERATIONAL'}]}, electionId=null, setVersion=63, topologyVersion=TopologyVersion{processId=676194db6a327ccc3cec1a34, counter=3}, lastWriteDate=Tue Dec 24 11:10:18 ICT 2024, lastUpdateTimeNanos=2338670227575000}
2024-12-24 11:10:18.973  INFO 22660 --- [cluster-ClusterId{value='676a342a2b1aa979268d94bc', description='null'}-springreact-shard-00-02.2822w.mongodb.net:27017] org.mongodb.driver.cluster               : Monitor thread successfully connected to server with description ServerDescription{address=springreact-shard-00-02.2822w.mongodb.net:27017, type=REPLICA_SET_PRIMARY, state=CONNECTED, ok=true, minWireVersion=0, maxWireVersion=25, maxDocumentSize=16777216, logicalSessionTimeoutMinutes=30, roundTripTimeNanos=194710800, setName='atlas-evrznc-shard-0', canonicalAddress=springreact-shard-00-02.2822w.mongodb.net:27017, hosts=[springreact-shard-00-00.2822w.mongodb.net:27017, springreact-shard-00-01.2822w.mongodb.net:27017, springreact-shard-00-02.2822w.mongodb.net:27017], passives=[], arbiters=[], primary='springreact-shard-00-02.2822w.mongodb.net:27017', tagSet=TagSet{[Tag{name='availabilityZone', value='apse1-az3'}, Tag{name='diskState', value='READY'}, Tag{name='nodeType', value='ELECTABLE'}, Tag{name='provider', value='AWS'}, Tag{name='region', value='AP_SOUTHEAST_1'}, Tag{name='workloadType', value='OPERATIONAL'}]}, electionId=7fffffff0000000000000125, setVersion=63, topologyVersion=TopologyVersion{processId=6761949c39a2473b38c59403, counter=6}, lastWriteDate=Tue Dec 24 11:10:18 ICT 2024, lastUpdateTimeNanos=2338670227631500}
2024-12-24 11:10:18.973  INFO 22660 --- [cluster-ClusterId{value='676a342a2b1aa979268d94bc', description='null'}-springreact-shard-00-00.2822w.mongodb.net:27017] org.mongodb.driver.cluster               : Monitor thread successfully connected to server with description ServerDescription{address=springreact-shard-00-00.2822w.mongodb.net:27017, type=REPLICA_SET_SECONDARY, state=CONNECTED, ok=true, minWireVersion=0, maxWireVersion=25, maxDocumentSize=16777216, logicalSessionTimeoutMinutes=30, roundTripTimeNanos=278346100, setName='atlas-evrznc-shard-0', canonicalAddress=springreact-shard-00-00.2822w.mongodb.net:27017, hosts=[springreact-shard-00-00.2822w.mongodb.net:27017, springreact-shard-00-01.2822w.mongodb.net:27017, springreact-shard-00-02.2822w.mongodb.net:27017], passives=[], arbiters=[], primary='springreact-shard-00-02.2822w.mongodb.net:27017', tagSet=TagSet{[Tag{name='availabilityZone', value='apse1-az1'}, Tag{name='diskState', value='READY'}, Tag{name='nodeType', value='ELECTABLE'}, Tag{name='provider', value='AWS'}, Tag{name='region', value='AP_SOUTHEAST_1'}, Tag{name='workloadType', value='OPERATIONAL'}]}, electionId=null, setVersion=63, topologyVersion=TopologyVersion{processId=6761945e510f7171459d23e8, counter=4}, lastWriteDate=Tue Dec 24 11:10:18 ICT 2024, lastUpdateTimeNanos=2338670227574900}
2024-12-24 11:10:18.978  INFO 22660 --- [cluster-ClusterId{value='676a342a2b1aa979268d94bc', description='null'}-springreact-shard-00-02.2822w.mongodb.net:27017] org.mongodb.driver.cluster               : Discovered replica set primary springreact-shard-00-02.2822w.mongodb.net:27017 with max election id 7fffffff0000000000000125 and max set version 63
2024-12-24 11:10:19.187  INFO 22660 --- [restartedMain] o.s.s.web.DefaultSecurityFilterChain     : Will secure any request with [org.springframework.security.web.session.DisableEncodeUrlFilter@8fc2938, org.springframework.security.web.context.request.async.WebAsyncManagerIntegrationFilter@1bf41e1c, org.springframework.security.web.context.SecurityContextHolderFilter@4c60801e, org.springframework.security.web.header.HeaderWriterFilter@31517204, org.springframework.security.web.authentication.logout.LogoutFilter@12943344, com.zalo.Spring_Zalo.JWT.JWTAuthenticationFilter@1b3b4537, org.springframework.security.web.savedrequest.RequestCacheAwareFilter@4a6e899e, org.springframework.security.web.servletapi.SecurityContextHolderAwareRequestFilter@607a628b, org.springframework.security.web.authentication.AnonymousAuthenticationFilter@53e51f44, org.springframework.security.web.session.SessionManagementFilter@102b53e1, org.springframework.security.web.access.ExceptionTranslationFilter@71f236b3, org.springframework.security.web.access.intercept.FilterSecurityInterceptor@30aecab0]
2024-12-24 11:10:19.526  INFO 22660 --- [restartedMain] o.s.b.w.embedded.tomcat.TomcatWebServer  : Tomcat started on port(s): 8081 (http) with context path ''
2024-12-24 11:10:19.534  INFO 22660 --- [restartedMain] c.z.Spring_Zalo.SpringZaloApplication    : Started SpringZaloApplication in 3.745 seconds (process running for 4.904)
2024-12-24 11:12:00.359  INFO 22660 --- [http-nio-8081-exec-2] o.a.c.c.C.[Tomcat].[localhost].[/]       : Initializing Spring DispatcherServlet 'dispatcherServlet'
2024-12-24 11:12:00.369  INFO 22660 --- [http-nio-8081-exec-2] o.s.web.servlet.DispatcherServlet        : Initializing Servlet 'dispatcherServlet'
2024-12-24 11:12:00.428  INFO 22660 --- [http-nio-8081-exec-2] o.s.web.servlet.DispatcherServlet        : Completed initialization in 58 ms
2024-12-24 11:12:00.465  INFO 22660 --- [http-nio-8081-exec-1] c.z.S.JWT.JWTAuthenticationFilter        : Received token: {}null
2024-12-24 11:12:00.465  INFO 22660 --- [http-nio-8081-exec-2] c.z.S.JWT.JWTAuthenticationFilter        : Received token: {}null
2024-12-24 11:12:00.576  INFO 22660 --- [http-nio-8081-exec-3] c.z.S.JWT.JWTAuthenticationFilter        : Received token: {}eyJhbGciOiJIUzUxMiJ9.eyJzdWIiOiJjb20uemFsby5TcHJpbmdfWmFsby5FbnRpdGllcy5Sb2xlc0A1NTdkZTg1YyIsImlhdCI6MTczNDY3NzgwNCwiZXhwIjoxNzM0Njg2ODA0LCJ1c2VyTmFtZSI6ImFkbWluIiwidWlkIjo3LCJlbWFpbCI6ImFkbWluQGdtYWlsLmNvbSIsInJpZCI6NH0.Yqb2DF9kIVxoNuTMsolrE9Tpq3PJ7yfgwCpmBj36Y8VdENqlwij-3tJhmXzGhaazqz8VQVP-DHvG46z6ZEDAfg
2024-12-24 11:12:00.700  INFO 22660 --- [http-nio-8081-exec-3] com.zalo.Spring_Zalo.JWT.JWTGenerator    : Token expired
2024-12-24 11:12:00.819 ERROR 22660 --- [http-nio-8081-exec-3] c.z.S.JWT.JWTAuthenticationFilter        : Cannot set user authentication: {}Request processing failed: io.jsonwebtoken.ExpiredJwtException: JWT expired at 2024-12-20T16:26:44Z. Current time: 2024-12-24T11:12:00Z, a difference of 326716815 milliseconds.  Allowed clock skew: 0 milliseconds.
2024-12-24 11:12:00.824  INFO 22660 --- [http-nio-8081-exec-4] c.z.S.JWT.JWTAuthenticationFilter        : Received token: {}eyJhbGciOiJIUzUxMiJ9.eyJzdWIiOiJjb20uemFsby5TcHJpbmdfWmFsby5FbnRpdGllcy5Sb2xlc0A1NTdkZTg1YyIsImlhdCI6MTczNDY3NzgwNCwiZXhwIjoxNzM0Njg2ODA0LCJ1c2VyTmFtZSI6ImFkbWluIiwidWlkIjo3LCJlbWFpbCI6ImFkbWluQGdtYWlsLmNvbSIsInJpZCI6NH0.Yqb2DF9kIVxoNuTMsolrE9Tpq3PJ7yfgwCpmBj36Y8VdENqlwij-3tJhmXzGhaazqz8VQVP-DHvG46z6ZEDAfg
2024-12-24 11:12:00.826  INFO 22660 --- [http-nio-8081-exec-4] com.zalo.Spring_Zalo.JWT.JWTGenerator    : Token expired
2024-12-24 11:12:00.830 ERROR 22660 --- [http-nio-8081-exec-4] c.z.S.JWT.JWTAuthenticationFilter        : Cannot set user authentication: {}Request processing failed: io.jsonwebtoken.ExpiredJwtException: JWT expired at 2024-12-20T16:26:44Z. Current time: 2024-12-24T11:12:00Z, a difference of 326716829 milliseconds.  Allowed clock skew: 0 milliseconds.
2024-12-24 11:12:07.954  INFO 22660 --- [http-nio-8081-exec-8] c.z.S.JWT.JWTAuthenticationFilter        : Received token: {}null
2024-12-24 11:12:07.958  INFO 22660 --- [http-nio-8081-exec-9] c.z.S.JWT.JWTAuthenticationFilter        : Received token: {}null
2024-12-24 11:12:08.610  INFO 22660 --- [http-nio-8081-exec-9] c.z.S.ServiceImpl.UserServiceImpl        : >>check login
2024-12-24 11:12:08.675  INFO 22660 --- [http-nio-8081-exec-9] c.z.S.JWT.CustomUserDetailsService       : Loaded user: admin
2024-12-24 11:12:08.676  INFO 22660 --- [http-nio-8081-exec-9] c.z.S.JWT.CustomUserDetailsService       : Authorities: [Admin]
2024-12-24 11:12:08.832  INFO 22660 --- [http-nio-8081-exec-9] c.z.S.ServiceImpl.UserServiceImpl        : >> Access : eyJhbGciOiJIUzUxMiJ9.eyJzdWIiOiJjb20uemFsby5TcHJpbmdfWmFsby5FbnRpdGllcy5Sb2xlc0A3ZjI4YWNjZCIsImlhdCI6MTczNTAxMzUyOCwiZXhwIjoxNzM1MDIyNTI4LCJ1c2VyTmFtZSI6ImFkbWluIiwidWlkIjo3LCJlbWFpbCI6ImFkbWluQGdtYWlsLmNvbSIsInJpZCI6NH0.R-5sUOpBaF0ympeY9MVHtQQhpMBsLMWjVM6tBM3TRjGZBKvj42LRTo_Oc4Dg8ZyNeaAid57QcDp34AvraantNg
2024-12-24 11:12:08.833  INFO 22660 --- [http-nio-8081-exec-9] c.z.S.ServiceImpl.UserServiceImpl        : >> Refesh : eyJhbGciOiJIUzUxMiJ9.eyJzdWIiOiJBZG1pbiIsImlhdCI6MTczNTAxMzUyOCwiZXhwIjoxNzM1NjE4MzI4LCJ1aWQiOjcsInVzZXJOYW1lIjoiYWRtaW4iLCJyaWQiOjR9.PjOXPY5wjvSLqtQkLfFlbjP1KL14bAOoxsBMs44cjhGksKSSqVmS6d4mp8i6owfHFG3wEw0RxTZpcFodYYfT3A
2024-12-24 11:12:08.901  INFO 22660 --- [http-nio-8081-exec-10] c.z.S.JWT.JWTAuthenticationFilter        : Received token: {}eyJhbGciOiJIUzUxMiJ9.eyJzdWIiOiJjb20uemFsby5TcHJpbmdfWmFsby5FbnRpdGllcy5Sb2xlc0A3ZjI4YWNjZCIsImlhdCI6MTczNTAxMzUyOCwiZXhwIjoxNzM1MDIyNTI4LCJ1c2VyTmFtZSI6ImFkbWluIiwidWlkIjo3LCJlbWFpbCI6ImFkbWluQGdtYWlsLmNvbSIsInJpZCI6NH0.R-5sUOpBaF0ympeY9MVHtQQhpMBsLMWjVM6tBM3TRjGZBKvj42LRTo_Oc4Dg8ZyNeaAid57QcDp34AvraantNg
2024-12-24 11:12:08.904  INFO 22660 --- [http-nio-8081-exec-10] com.zalo.Spring_Zalo.JWT.JWTGenerator    : JWT successfully validated
2024-12-24 11:12:08.906  INFO 22660 --- [http-nio-8081-exec-10] c.z.S.JWT.JWTAuthenticationFilter        : JWT claims: {sub=com.zalo.Spring_Zalo.Entities.Roles@7f28accd, iat=1735013528, exp=1735022528, userName=admin, uid=7, email=admin@gmail.com, rid=4}
2024-12-24 11:12:09.062  INFO 22660 --- [http-nio-8081-exec-10] c.z.S.JWT.CustomUserDetailsService       : Loaded user: admin
2024-12-24 11:12:09.062  INFO 22660 --- [http-nio-8081-exec-10] c.z.S.JWT.CustomUserDetailsService       : Authorities: [Admin]
2024-12-24 11:12:09.062  INFO 22660 --- [http-nio-8081-exec-10] c.z.S.JWT.JWTAuthenticationFilter        : User authorities: {}[Admin]
2024-12-24 11:12:09.066  INFO 22660 --- [http-nio-8081-exec-10] c.z.S.JWT.JWTAuthenticationFilter        : JWT claims: {sub=com.zalo.Spring_Zalo.Entities.Roles@7f28accd, iat=1735013528, exp=1735022528, userName=admin, uid=7, email=admin@gmail.com, rid=4}
2024-12-24 11:12:09.192  INFO 22660 --- [http-nio-8081-exec-1] c.z.S.JWT.JWTAuthenticationFilter        : Received token: {}eyJhbGciOiJIUzUxMiJ9.eyJzdWIiOiJjb20uemFsby5TcHJpbmdfWmFsby5FbnRpdGllcy5Sb2xlc0A3ZjI4YWNjZCIsImlhdCI6MTczNTAxMzUyOCwiZXhwIjoxNzM1MDIyNTI4LCJ1c2VyTmFtZSI6ImFkbWluIiwidWlkIjo3LCJlbWFpbCI6ImFkbWluQGdtYWlsLmNvbSIsInJpZCI6NH0.R-5sUOpBaF0ympeY9MVHtQQhpMBsLMWjVM6tBM3TRjGZBKvj42LRTo_Oc4Dg8ZyNeaAid57QcDp34AvraantNg
2024-12-24 11:12:09.193  INFO 22660 --- [http-nio-8081-exec-1] com.zalo.Spring_Zalo.JWT.JWTGenerator    : JWT successfully validated
2024-12-24 11:12:09.194  INFO 22660 --- [http-nio-8081-exec-1] c.z.S.JWT.JWTAuthenticationFilter        : JWT claims: {sub=com.zalo.Spring_Zalo.Entities.Roles@7f28accd, iat=1735013528, exp=1735022528, userName=admin, uid=7, email=admin@gmail.com, rid=4}
2024-12-24 11:12:09.314  INFO 22660 --- [http-nio-8081-exec-1] c.z.S.JWT.CustomUserDetailsService       : Loaded user: admin
2024-12-24 11:12:09.315  INFO 22660 --- [http-nio-8081-exec-1] c.z.S.JWT.CustomUserDetailsService       : Authorities: [Admin]
2024-12-24 11:12:09.315  INFO 22660 --- [http-nio-8081-exec-1] c.z.S.JWT.JWTAuthenticationFilter        : User authorities: {}[Admin]
2024-12-24 11:12:09.321  INFO 22660 --- [http-nio-8081-exec-1] c.z.S.JWT.JWTAuthenticationFilter        : JWT claims: {sub=com.zalo.Spring_Zalo.Entities.Roles@7f28accd, iat=1735013528, exp=1735022528, userName=admin, uid=7, email=admin@gmail.com, rid=4}
2024-12-24 11:12:21.111  INFO 22660 --- [http-nio-8081-exec-4] c.z.S.JWT.JWTAuthenticationFilter        : Received token: {}null
2024-12-24 11:12:21.111  INFO 22660 --- [http-nio-8081-exec-6] c.z.S.JWT.JWTAuthenticationFilter        : Received token: {}null
2024-12-24 11:12:21.111  INFO 22660 --- [http-nio-8081-exec-7] c.z.S.JWT.JWTAuthenticationFilter        : Received token: {}null
2024-12-24 11:12:21.111  INFO 22660 --- [http-nio-8081-exec-5] c.z.S.JWT.JWTAuthenticationFilter        : Received token: {}null
2024-12-24 11:12:21.117  INFO 22660 --- [http-nio-8081-exec-8] c.z.S.JWT.JWTAuthenticationFilter        : Received token: {}eyJhbGciOiJIUzUxMiJ9.eyJzdWIiOiJjb20uemFsby5TcHJpbmdfWmFsby5FbnRpdGllcy5Sb2xlc0A3ZjI4YWNjZCIsImlhdCI6MTczNTAxMzUyOCwiZXhwIjoxNzM1MDIyNTI4LCJ1c2VyTmFtZSI6ImFkbWluIiwidWlkIjo3LCJlbWFpbCI6ImFkbWluQGdtYWlsLmNvbSIsInJpZCI6NH0.R-5sUOpBaF0ympeY9MVHtQQhpMBsLMWjVM6tBM3TRjGZBKvj42LRTo_Oc4Dg8ZyNeaAid57QcDp34AvraantNg
2024-12-24 11:12:21.119  INFO 22660 --- [http-nio-8081-exec-8] com.zalo.Spring_Zalo.JWT.JWTGenerator    : JWT successfully validated
2024-12-24 11:12:21.121  INFO 22660 --- [http-nio-8081-exec-8] c.z.S.JWT.JWTAuthenticationFilter        : JWT claims: {sub=com.zalo.Spring_Zalo.Entities.Roles@7f28accd, iat=1735013528, exp=1735022528, userName=admin, uid=7, email=admin@gmail.com, rid=4}
2024-12-24 11:12:21.184  INFO 22660 --- [http-nio-8081-exec-9] c.z.S.JWT.JWTAuthenticationFilter        : Received token: {}null
2024-12-24 11:12:21.187  INFO 22660 --- [http-nio-8081-exec-10] c.z.S.JWT.JWTAuthenticationFilter        : Received token: {}eyJhbGciOiJIUzUxMiJ9.eyJzdWIiOiJjb20uemFsby5TcHJpbmdfWmFsby5FbnRpdGllcy5Sb2xlc0A3ZjI4YWNjZCIsImlhdCI6MTczNTAxMzUyOCwiZXhwIjoxNzM1MDIyNTI4LCJ1c2VyTmFtZSI6ImFkbWluIiwidWlkIjo3LCJlbWFpbCI6ImFkbWluQGdtYWlsLmNvbSIsInJpZCI6NH0.R-5sUOpBaF0ympeY9MVHtQQhpMBsLMWjVM6tBM3TRjGZBKvj42LRTo_Oc4Dg8ZyNeaAid57QcDp34AvraantNg
2024-12-24 11:12:21.188  INFO 22660 --- [http-nio-8081-exec-10] com.zalo.Spring_Zalo.JWT.JWTGenerator    : JWT successfully validated
2024-12-24 11:12:21.189  INFO 22660 --- [http-nio-8081-exec-10] c.z.S.JWT.JWTAuthenticationFilter        : JWT claims: {sub=com.zalo.Spring_Zalo.Entities.Roles@7f28accd, iat=1735013528, exp=1735022528, userName=admin, uid=7, email=admin@gmail.com, rid=4}
2024-12-24 11:12:21.235  INFO 22660 --- [http-nio-8081-exec-8] c.z.S.JWT.CustomUserDetailsService       : Loaded user: admin
2024-12-24 11:12:21.235  INFO 22660 --- [http-nio-8081-exec-8] c.z.S.JWT.CustomUserDetailsService       : Authorities: [Admin]
2024-12-24 11:12:21.235  INFO 22660 --- [http-nio-8081-exec-8] c.z.S.JWT.JWTAuthenticationFilter        : User authorities: {}[Admin]
2024-12-24 11:12:21.356  INFO 22660 --- [http-nio-8081-exec-1] c.z.S.JWT.JWTAuthenticationFilter        : Received token: {}eyJhbGciOiJIUzUxMiJ9.eyJzdWIiOiJjb20uemFsby5TcHJpbmdfWmFsby5FbnRpdGllcy5Sb2xlc0A3ZjI4YWNjZCIsImlhdCI6MTczNTAxMzUyOCwiZXhwIjoxNzM1MDIyNTI4LCJ1c2VyTmFtZSI6ImFkbWluIiwidWlkIjo3LCJlbWFpbCI6ImFkbWluQGdtYWlsLmNvbSIsInJpZCI6NH0.R-5sUOpBaF0ympeY9MVHtQQhpMBsLMWjVM6tBM3TRjGZBKvj42LRTo_Oc4Dg8ZyNeaAid57QcDp34AvraantNg
2024-12-24 11:12:21.357  INFO 22660 --- [http-nio-8081-exec-1] com.zalo.Spring_Zalo.JWT.JWTGenerator    : JWT successfully validated
2024-12-24 11:12:21.358  INFO 22660 --- [http-nio-8081-exec-1] c.z.S.JWT.JWTAuthenticationFilter        : JWT claims: {sub=com.zalo.Spring_Zalo.Entities.Roles@7f28accd, iat=1735013528, exp=1735022528, userName=admin, uid=7, email=admin@gmail.com, rid=4}
2024-12-24 11:12:21.479  INFO 22660 --- [http-nio-8081-exec-1] c.z.S.JWT.CustomUserDetailsService       : Loaded user: admin
2024-12-24 11:12:21.480  INFO 22660 --- [http-nio-8081-exec-1] c.z.S.JWT.CustomUserDetailsService       : Authorities: [Admin]
2024-12-24 11:12:21.480  INFO 22660 --- [http-nio-8081-exec-1] c.z.S.JWT.JWTAuthenticationFilter        : User authorities: {}[Admin]
2024-12-24 11:12:21.539  INFO 22660 --- [http-nio-8081-exec-3] c.z.S.JWT.JWTAuthenticationFilter        : Received token: {}eyJhbGciOiJIUzUxMiJ9.eyJzdWIiOiJjb20uemFsby5TcHJpbmdfWmFsby5FbnRpdGllcy5Sb2xlc0A3ZjI4YWNjZCIsImlhdCI6MTczNTAxMzUyOCwiZXhwIjoxNzM1MDIyNTI4LCJ1c2VyTmFtZSI6ImFkbWluIiwidWlkIjo3LCJlbWFpbCI6ImFkbWluQGdtYWlsLmNvbSIsInJpZCI6NH0.R-5sUOpBaF0ympeY9MVHtQQhpMBsLMWjVM6tBM3TRjGZBKvj42LRTo_Oc4Dg8ZyNeaAid57QcDp34AvraantNg
2024-12-24 11:12:21.540  INFO 22660 --- [http-nio-8081-exec-3] com.zalo.Spring_Zalo.JWT.JWTGenerator    : JWT successfully validated
2024-12-24 11:12:21.541  INFO 22660 --- [http-nio-8081-exec-3] c.z.S.JWT.JWTAuthenticationFilter        : JWT claims: {sub=com.zalo.Spring_Zalo.Entities.Roles@7f28accd, iat=1735013528, exp=1735022528, userName=admin, uid=7, email=admin@gmail.com, rid=4}
2024-12-24 11:12:21.566  INFO 22660 --- [http-nio-8081-exec-10] c.z.S.JWT.CustomUserDetailsService       : Loaded user: admin
2024-12-24 11:12:21.566  INFO 22660 --- [http-nio-8081-exec-10] c.z.S.JWT.CustomUserDetailsService       : Authorities: [Admin]
2024-12-24 11:12:21.566  INFO 22660 --- [http-nio-8081-exec-10] c.z.S.JWT.JWTAuthenticationFilter        : User authorities: {}[Admin]
2024-12-24 11:12:21.660  INFO 22660 --- [http-nio-8081-exec-3] c.z.S.JWT.CustomUserDetailsService       : Loaded user: admin
2024-12-24 11:12:21.661  INFO 22660 --- [http-nio-8081-exec-3] c.z.S.JWT.CustomUserDetailsService       : Authorities: [Admin]
2024-12-24 11:12:21.661  INFO 22660 --- [http-nio-8081-exec-3] c.z.S.JWT.JWTAuthenticationFilter        : User authorities: {}[Admin]
2024-12-24 11:12:21.722  INFO 22660 --- [http-nio-8081-exec-2] c.z.S.JWT.JWTAuthenticationFilter        : Received token: {}eyJhbGciOiJIUzUxMiJ9.eyJzdWIiOiJjb20uemFsby5TcHJpbmdfWmFsby5FbnRpdGllcy5Sb2xlc0A3ZjI4YWNjZCIsImlhdCI6MTczNTAxMzUyOCwiZXhwIjoxNzM1MDIyNTI4LCJ1c2VyTmFtZSI6ImFkbWluIiwidWlkIjo3LCJlbWFpbCI6ImFkbWluQGdtYWlsLmNvbSIsInJpZCI6NH0.R-5sUOpBaF0ympeY9MVHtQQhpMBsLMWjVM6tBM3TRjGZBKvj42LRTo_Oc4Dg8ZyNeaAid57QcDp34AvraantNg
2024-12-24 11:12:21.724  INFO 22660 --- [http-nio-8081-exec-2] com.zalo.Spring_Zalo.JWT.JWTGenerator    : JWT successfully validated
2024-12-24 11:12:21.725  INFO 22660 --- [http-nio-8081-exec-2] c.z.S.JWT.JWTAuthenticationFilter        : JWT claims: {sub=com.zalo.Spring_Zalo.Entities.Roles@7f28accd, iat=1735013528, exp=1735022528, userName=admin, uid=7, email=admin@gmail.com, rid=4}
2024-12-24 11:12:21.849  INFO 22660 --- [http-nio-8081-exec-2] c.z.S.JWT.CustomUserDetailsService       : Loaded user: admin
2024-12-24 11:12:21.849  INFO 22660 --- [http-nio-8081-exec-2] c.z.S.JWT.CustomUserDetailsService       : Authorities: [Admin]
2024-12-24 11:12:21.849  INFO 22660 --- [http-nio-8081-exec-2] c.z.S.JWT.JWTAuthenticationFilter        : User authorities: {}[Admin]
2024-12-24 11:26:29.392  INFO 22660 --- [http-nio-8081-exec-10] c.z.S.JWT.JWTAuthenticationFilter        : Received token: {}eyJhbGciOiJIUzUxMiJ9.eyJzdWIiOiJjb20uemFsby5TcHJpbmdfWmFsby5FbnRpdGllcy5Sb2xlc0A3ZjI4YWNjZCIsImlhdCI6MTczNTAxMzUyOCwiZXhwIjoxNzM1MDIyNTI4LCJ1c2VyTmFtZSI6ImFkbWluIiwidWlkIjo3LCJlbWFpbCI6ImFkbWluQGdtYWlsLmNvbSIsInJpZCI6NH0.R-5sUOpBaF0ympeY9MVHtQQhpMBsLMWjVM6tBM3TRjGZBKvj42LRTo_Oc4Dg8ZyNeaAid57QcDp34AvraantNg
2024-12-24 11:26:29.450  INFO 22660 --- [http-nio-8081-exec-10] com.zalo.Spring_Zalo.JWT.JWTGenerator    : JWT successfully validated
2024-12-24 11:26:29.451  INFO 22660 --- [http-nio-8081-exec-10] c.z.S.JWT.JWTAuthenticationFilter        : JWT claims: {sub=com.zalo.Spring_Zalo.Entities.Roles@7f28accd, iat=1735013528, exp=1735022528, userName=admin, uid=7, email=admin@gmail.com, rid=4}
2024-12-24 11:26:29.629  INFO 22660 --- [http-nio-8081-exec-10] c.z.S.JWT.CustomUserDetailsService       : Loaded user: admin
2024-12-24 11:26:29.631  INFO 22660 --- [http-nio-8081-exec-10] c.z.S.JWT.CustomUserDetailsService       : Authorities: [Admin]
2024-12-24 11:26:29.631  INFO 22660 --- [http-nio-8081-exec-10] c.z.S.JWT.JWTAuthenticationFilter        : User authorities: {}[Admin]
2024-12-24 11:26:29.674  INFO 22660 --- [http-nio-8081-exec-10] c.z.S.JWT.JWTAuthenticationFilter        : JWT claims: {sub=com.zalo.Spring_Zalo.Entities.Roles@7f28accd, iat=1735013528, exp=1735022528, userName=admin, uid=7, email=admin@gmail.com, rid=4}
2024-12-24 11:26:29.807  INFO 22660 --- [http-nio-8081-exec-3] c.z.S.JWT.JWTAuthenticationFilter        : Received token: {}eyJhbGciOiJIUzUxMiJ9.eyJzdWIiOiJjb20uemFsby5TcHJpbmdfWmFsby5FbnRpdGllcy5Sb2xlc0A3ZjI4YWNjZCIsImlhdCI6MTczNTAxMzUyOCwiZXhwIjoxNzM1MDIyNTI4LCJ1c2VyTmFtZSI6ImFkbWluIiwidWlkIjo3LCJlbWFpbCI6ImFkbWluQGdtYWlsLmNvbSIsInJpZCI6NH0.R-5sUOpBaF0ympeY9MVHtQQhpMBsLMWjVM6tBM3TRjGZBKvj42LRTo_Oc4Dg8ZyNeaAid57QcDp34AvraantNg
2024-12-24 11:26:29.808  INFO 22660 --- [http-nio-8081-exec-3] com.zalo.Spring_Zalo.JWT.JWTGenerator    : JWT successfully validated
2024-12-24 11:26:29.810  INFO 22660 --- [http-nio-8081-exec-3] c.z.S.JWT.JWTAuthenticationFilter        : JWT claims: {sub=com.zalo.Spring_Zalo.Entities.Roles@7f28accd, iat=1735013528, exp=1735022528, userName=admin, uid=7, email=admin@gmail.com, rid=4}
2024-12-24 11:26:29.930  INFO 22660 --- [http-nio-8081-exec-3] c.z.S.JWT.CustomUserDetailsService       : Loaded user: admin
2024-12-24 11:26:29.930  INFO 22660 --- [http-nio-8081-exec-3] c.z.S.JWT.CustomUserDetailsService       : Authorities: [Admin]
2024-12-24 11:26:29.930  INFO 22660 --- [http-nio-8081-exec-3] c.z.S.JWT.JWTAuthenticationFilter        : User authorities: {}[Admin]
2024-12-24 11:26:29.933  INFO 22660 --- [http-nio-8081-exec-3] c.z.S.JWT.JWTAuthenticationFilter        : JWT claims: {sub=com.zalo.Spring_Zalo.Entities.Roles@7f28accd, iat=1735013528, exp=1735022528, userName=admin, uid=7, email=admin@gmail.com, rid=4}
2024-12-24 11:26:46.955  INFO 22660 --- [http-nio-8081-exec-4] c.z.S.JWT.JWTAuthenticationFilter        : Received token: {}eyJhbGciOiJIUzUxMiJ9.eyJzdWIiOiJjb20uemFsby5TcHJpbmdfWmFsby5FbnRpdGllcy5Sb2xlc0A3ZjI4YWNjZCIsImlhdCI6MTczNTAxMzUyOCwiZXhwIjoxNzM1MDIyNTI4LCJ1c2VyTmFtZSI6ImFkbWluIiwidWlkIjo3LCJlbWFpbCI6ImFkbWluQGdtYWlsLmNvbSIsInJpZCI6NH0.R-5sUOpBaF0ympeY9MVHtQQhpMBsLMWjVM6tBM3TRjGZBKvj42LRTo_Oc4Dg8ZyNeaAid57QcDp34AvraantNg
2024-12-24 11:26:46.956  INFO 22660 --- [http-nio-8081-exec-4] com.zalo.Spring_Zalo.JWT.JWTGenerator    : JWT successfully validated
2024-12-24 11:26:46.957  INFO 22660 --- [http-nio-8081-exec-4] c.z.S.JWT.JWTAuthenticationFilter        : JWT claims: {sub=com.zalo.Spring_Zalo.Entities.Roles@7f28accd, iat=1735013528, exp=1735022528, userName=admin, uid=7, email=admin@gmail.com, rid=4}
2024-12-24 11:26:47.061  INFO 22660 --- [http-nio-8081-exec-4] c.z.S.JWT.CustomUserDetailsService       : Loaded user: admin
2024-12-24 11:26:47.061  INFO 22660 --- [http-nio-8081-exec-4] c.z.S.JWT.CustomUserDetailsService       : Authorities: [Admin]
2024-12-24 11:26:47.061  INFO 22660 --- [http-nio-8081-exec-4] c.z.S.JWT.JWTAuthenticationFilter        : User authorities: {}[Admin]
2024-12-24 11:26:47.062  INFO 22660 --- [http-nio-8081-exec-4] c.z.S.JWT.JWTAuthenticationFilter        : JWT claims: {sub=com.zalo.Spring_Zalo.Entities.Roles@7f28accd, iat=1735013528, exp=1735022528, userName=admin, uid=7, email=admin@gmail.com, rid=4}
2024-12-24 11:26:47.223  INFO 22660 --- [http-nio-8081-exec-5] c.z.S.JWT.JWTAuthenticationFilter        : Received token: {}eyJhbGciOiJIUzUxMiJ9.eyJzdWIiOiJjb20uemFsby5TcHJpbmdfWmFsby5FbnRpdGllcy5Sb2xlc0A3ZjI4YWNjZCIsImlhdCI6MTczNTAxMzUyOCwiZXhwIjoxNzM1MDIyNTI4LCJ1c2VyTmFtZSI6ImFkbWluIiwidWlkIjo3LCJlbWFpbCI6ImFkbWluQGdtYWlsLmNvbSIsInJpZCI6NH0.R-5sUOpBaF0ympeY9MVHtQQhpMBsLMWjVM6tBM3TRjGZBKvj42LRTo_Oc4Dg8ZyNeaAid57QcDp34AvraantNg
2024-12-24 11:26:47.223  INFO 22660 --- [http-nio-8081-exec-5] com.zalo.Spring_Zalo.JWT.JWTGenerator    : JWT successfully validated
2024-12-24 11:26:47.223  INFO 22660 --- [http-nio-8081-exec-5] c.z.S.JWT.JWTAuthenticationFilter        : JWT claims: {sub=com.zalo.Spring_Zalo.Entities.Roles@7f28accd, iat=1735013528, exp=1735022528, userName=admin, uid=7, email=admin@gmail.com, rid=4}
2024-12-24 11:26:47.337  INFO 22660 --- [http-nio-8081-exec-5] c.z.S.JWT.CustomUserDetailsService       : Loaded user: admin
2024-12-24 11:26:47.337  INFO 22660 --- [http-nio-8081-exec-5] c.z.S.JWT.CustomUserDetailsService       : Authorities: [Admin]
2024-12-24 11:26:47.337  INFO 22660 --- [http-nio-8081-exec-5] c.z.S.JWT.JWTAuthenticationFilter        : User authorities: {}[Admin]
2024-12-24 11:26:47.340  INFO 22660 --- [http-nio-8081-exec-5] c.z.S.JWT.JWTAuthenticationFilter        : JWT claims: {sub=com.zalo.Spring_Zalo.Entities.Roles@7f28accd, iat=1735013528, exp=1735022528, userName=admin, uid=7, email=admin@gmail.com, rid=4}
2024-12-24 11:36:50.645  INFO 22660 --- [http-nio-8081-exec-8] c.z.S.JWT.JWTAuthenticationFilter        : Received token: {}eyJhbGciOiJIUzUxMiJ9.eyJzdWIiOiJjb20uemFsby5TcHJpbmdfWmFsby5FbnRpdGllcy5Sb2xlc0A3ZjI4YWNjZCIsImlhdCI6MTczNTAxMzUyOCwiZXhwIjoxNzM1MDIyNTI4LCJ1c2VyTmFtZSI6ImFkbWluIiwidWlkIjo3LCJlbWFpbCI6ImFkbWluQGdtYWlsLmNvbSIsInJpZCI6NH0.R-5sUOpBaF0ympeY9MVHtQQhpMBsLMWjVM6tBM3TRjGZBKvj42LRTo_Oc4Dg8ZyNeaAid57QcDp34AvraantNg
2024-12-24 11:36:50.697  INFO 22660 --- [http-nio-8081-exec-8] com.zalo.Spring_Zalo.JWT.JWTGenerator    : JWT successfully validated
2024-12-24 11:36:50.698  INFO 22660 --- [http-nio-8081-exec-8] c.z.S.JWT.JWTAuthenticationFilter        : JWT claims: {sub=com.zalo.Spring_Zalo.Entities.Roles@7f28accd, iat=1735013528, exp=1735022528, userName=admin, uid=7, email=admin@gmail.com, rid=4}
2024-12-24 11:36:50.894  INFO 22660 --- [http-nio-8081-exec-8] c.z.S.JWT.CustomUserDetailsService       : Loaded user: admin
2024-12-24 11:36:50.895  INFO 22660 --- [http-nio-8081-exec-8] c.z.S.JWT.CustomUserDetailsService       : Authorities: [Admin]
2024-12-24 11:36:50.895  INFO 22660 --- [http-nio-8081-exec-8] c.z.S.JWT.JWTAuthenticationFilter        : User authorities: {}[Admin]
2024-12-24 11:36:50.917  INFO 22660 --- [http-nio-8081-exec-8] c.z.S.JWT.JWTAuthenticationFilter        : JWT claims: {sub=com.zalo.Spring_Zalo.Entities.Roles@7f28accd, iat=1735013528, exp=1735022528, userName=admin, uid=7, email=admin@gmail.com, rid=4}
2024-12-24 11:36:51.057  INFO 22660 --- [http-nio-8081-exec-7] c.z.S.JWT.JWTAuthenticationFilter        : Received token: {}eyJhbGciOiJIUzUxMiJ9.eyJzdWIiOiJjb20uemFsby5TcHJpbmdfWmFsby5FbnRpdGllcy5Sb2xlc0A3ZjI4YWNjZCIsImlhdCI6MTczNTAxMzUyOCwiZXhwIjoxNzM1MDIyNTI4LCJ1c2VyTmFtZSI6ImFkbWluIiwidWlkIjo3LCJlbWFpbCI6ImFkbWluQGdtYWlsLmNvbSIsInJpZCI6NH0.R-5sUOpBaF0ympeY9MVHtQQhpMBsLMWjVM6tBM3TRjGZBKvj42LRTo_Oc4Dg8ZyNeaAid57QcDp34AvraantNg
2024-12-24 11:36:51.059  INFO 22660 --- [http-nio-8081-exec-7] com.zalo.Spring_Zalo.JWT.JWTGenerator    : JWT successfully validated
2024-12-24 11:36:51.059  INFO 22660 --- [http-nio-8081-exec-7] c.z.S.JWT.JWTAuthenticationFilter        : JWT claims: {sub=com.zalo.Spring_Zalo.Entities.Roles@7f28accd, iat=1735013528, exp=1735022528, userName=admin, uid=7, email=admin@gmail.com, rid=4}
2024-12-24 11:36:51.170  INFO 22660 --- [http-nio-8081-exec-7] c.z.S.JWT.CustomUserDetailsService       : Loaded user: admin
2024-12-24 11:36:51.170  INFO 22660 --- [http-nio-8081-exec-7] c.z.S.JWT.CustomUserDetailsService       : Authorities: [Admin]
2024-12-24 11:36:51.171  INFO 22660 --- [http-nio-8081-exec-7] c.z.S.JWT.JWTAuthenticationFilter        : User authorities: {}[Admin]
2024-12-24 11:36:51.175  INFO 22660 --- [http-nio-8081-exec-7] c.z.S.JWT.JWTAuthenticationFilter        : JWT claims: {sub=com.zalo.Spring_Zalo.Entities.Roles@7f28accd, iat=1735013528, exp=1735022528, userName=admin, uid=7, email=admin@gmail.com, rid=4}
2024-12-24 11:37:12.322  INFO 22660 --- [http-nio-8081-exec-10] c.z.S.JWT.JWTAuthenticationFilter        : Received token: {}eyJhbGciOiJIUzUxMiJ9.eyJzdWIiOiJjb20uemFsby5TcHJpbmdfWmFsby5FbnRpdGllcy5Sb2xlc0A3ZjI4YWNjZCIsImlhdCI6MTczNTAxMzUyOCwiZXhwIjoxNzM1MDIyNTI4LCJ1c2VyTmFtZSI6ImFkbWluIiwidWlkIjo3LCJlbWFpbCI6ImFkbWluQGdtYWlsLmNvbSIsInJpZCI6NH0.R-5sUOpBaF0ympeY9MVHtQQhpMBsLMWjVM6tBM3TRjGZBKvj42LRTo_Oc4Dg8ZyNeaAid57QcDp34AvraantNg
2024-12-24 11:37:12.324  INFO 22660 --- [http-nio-8081-exec-10] com.zalo.Spring_Zalo.JWT.JWTGenerator    : JWT successfully validated
2024-12-24 11:37:12.324  INFO 22660 --- [http-nio-8081-exec-10] c.z.S.JWT.JWTAuthenticationFilter        : JWT claims: {sub=com.zalo.Spring_Zalo.Entities.Roles@7f28accd, iat=1735013528, exp=1735022528, userName=admin, uid=7, email=admin@gmail.com, rid=4}
2024-12-24 11:37:12.469  INFO 22660 --- [http-nio-8081-exec-10] c.z.S.JWT.CustomUserDetailsService       : Loaded user: admin
2024-12-24 11:37:12.469  INFO 22660 --- [http-nio-8081-exec-10] c.z.S.JWT.CustomUserDetailsService       : Authorities: [Admin]
2024-12-24 11:37:12.469  INFO 22660 --- [http-nio-8081-exec-10] c.z.S.JWT.JWTAuthenticationFilter        : User authorities: {}[Admin]
2024-12-24 11:37:12.476  INFO 22660 --- [http-nio-8081-exec-10] c.z.S.JWT.JWTAuthenticationFilter        : JWT claims: {sub=com.zalo.Spring_Zalo.Entities.Roles@7f28accd, iat=1735013528, exp=1735022528, userName=admin, uid=7, email=admin@gmail.com, rid=4}
2024-12-24 11:37:12.604  INFO 22660 --- [http-nio-8081-exec-3] c.z.S.JWT.JWTAuthenticationFilter        : Received token: {}eyJhbGciOiJIUzUxMiJ9.eyJzdWIiOiJjb20uemFsby5TcHJpbmdfWmFsby5FbnRpdGllcy5Sb2xlc0A3ZjI4YWNjZCIsImlhdCI6MTczNTAxMzUyOCwiZXhwIjoxNzM1MDIyNTI4LCJ1c2VyTmFtZSI6ImFkbWluIiwidWlkIjo3LCJlbWFpbCI6ImFkbWluQGdtYWlsLmNvbSIsInJpZCI6NH0.R-5sUOpBaF0ympeY9MVHtQQhpMBsLMWjVM6tBM3TRjGZBKvj42LRTo_Oc4Dg8ZyNeaAid57QcDp34AvraantNg
2024-12-24 11:37:12.605  INFO 22660 --- [http-nio-8081-exec-3] com.zalo.Spring_Zalo.JWT.JWTGenerator    : JWT successfully validated
2024-12-24 11:37:12.606  INFO 22660 --- [http-nio-8081-exec-3] c.z.S.JWT.JWTAuthenticationFilter        : JWT claims: {sub=com.zalo.Spring_Zalo.Entities.Roles@7f28accd, iat=1735013528, exp=1735022528, userName=admin, uid=7, email=admin@gmail.com, rid=4}
2024-12-24 11:37:12.729  INFO 22660 --- [http-nio-8081-exec-3] c.z.S.JWT.CustomUserDetailsService       : Loaded user: admin
2024-12-24 11:37:12.730  INFO 22660 --- [http-nio-8081-exec-3] c.z.S.JWT.CustomUserDetailsService       : Authorities: [Admin]
2024-12-24 11:37:12.730  INFO 22660 --- [http-nio-8081-exec-3] c.z.S.JWT.JWTAuthenticationFilter        : User authorities: {}[Admin]
2024-12-24 11:37:12.734  INFO 22660 --- [http-nio-8081-exec-3] c.z.S.JWT.JWTAuthenticationFilter        : JWT claims: {sub=com.zalo.Spring_Zalo.Entities.Roles@7f28accd, iat=1735013528, exp=1735022528, userName=admin, uid=7, email=admin@gmail.com, rid=4}
2024-12-24 11:37:46.462  INFO 22660 --- [http-nio-8081-exec-6] c.z.S.JWT.JWTAuthenticationFilter        : Received token: {}eyJhbGciOiJIUzUxMiJ9.eyJzdWIiOiJjb20uemFsby5TcHJpbmdfWmFsby5FbnRpdGllcy5Sb2xlc0A3ZjI4YWNjZCIsImlhdCI6MTczNTAxMzUyOCwiZXhwIjoxNzM1MDIyNTI4LCJ1c2VyTmFtZSI6ImFkbWluIiwidWlkIjo3LCJlbWFpbCI6ImFkbWluQGdtYWlsLmNvbSIsInJpZCI6NH0.R-5sUOpBaF0ympeY9MVHtQQhpMBsLMWjVM6tBM3TRjGZBKvj42LRTo_Oc4Dg8ZyNeaAid57QcDp34AvraantNg
2024-12-24 11:37:46.463  INFO 22660 --- [http-nio-8081-exec-6] com.zalo.Spring_Zalo.JWT.JWTGenerator    : JWT successfully validated
2024-12-24 11:37:46.464  INFO 22660 --- [http-nio-8081-exec-6] c.z.S.JWT.JWTAuthenticationFilter        : JWT claims: {sub=com.zalo.Spring_Zalo.Entities.Roles@7f28accd, iat=1735013528, exp=1735022528, userName=admin, uid=7, email=admin@gmail.com, rid=4}
2024-12-24 11:37:46.569  INFO 22660 --- [http-nio-8081-exec-6] c.z.S.JWT.CustomUserDetailsService       : Loaded user: admin
2024-12-24 11:37:46.570  INFO 22660 --- [http-nio-8081-exec-6] c.z.S.JWT.CustomUserDetailsService       : Authorities: [Admin]
2024-12-24 11:37:46.570  INFO 22660 --- [http-nio-8081-exec-6] c.z.S.JWT.JWTAuthenticationFilter        : User authorities: {}[Admin]
2024-12-24 11:37:46.574  INFO 22660 --- [http-nio-8081-exec-6] c.z.S.JWT.JWTAuthenticationFilter        : JWT claims: {sub=com.zalo.Spring_Zalo.Entities.Roles@7f28accd, iat=1735013528, exp=1735022528, userName=admin, uid=7, email=admin@gmail.com, rid=4}
2024-12-24 11:37:46.690  INFO 22660 --- [http-nio-8081-exec-9] c.z.S.JWT.JWTAuthenticationFilter        : Received token: {}eyJhbGciOiJIUzUxMiJ9.eyJzdWIiOiJjb20uemFsby5TcHJpbmdfWmFsby5FbnRpdGllcy5Sb2xlc0A3ZjI4YWNjZCIsImlhdCI6MTczNTAxMzUyOCwiZXhwIjoxNzM1MDIyNTI4LCJ1c2VyTmFtZSI6ImFkbWluIiwidWlkIjo3LCJlbWFpbCI6ImFkbWluQGdtYWlsLmNvbSIsInJpZCI6NH0.R-5sUOpBaF0ympeY9MVHtQQhpMBsLMWjVM6tBM3TRjGZBKvj42LRTo_Oc4Dg8ZyNeaAid57QcDp34AvraantNg
2024-12-24 11:37:46.692  INFO 22660 --- [http-nio-8081-exec-9] com.zalo.Spring_Zalo.JWT.JWTGenerator    : JWT successfully validated
2024-12-24 11:37:46.692  INFO 22660 --- [http-nio-8081-exec-9] c.z.S.JWT.JWTAuthenticationFilter        : JWT claims: {sub=com.zalo.Spring_Zalo.Entities.Roles@7f28accd, iat=1735013528, exp=1735022528, userName=admin, uid=7, email=admin@gmail.com, rid=4}
2024-12-24 11:37:46.810  INFO 22660 --- [http-nio-8081-exec-9] c.z.S.JWT.CustomUserDetailsService       : Loaded user: admin
2024-12-24 11:37:46.810  INFO 22660 --- [http-nio-8081-exec-9] c.z.S.JWT.CustomUserDetailsService       : Authorities: [Admin]
2024-12-24 11:37:46.810  INFO 22660 --- [http-nio-8081-exec-9] c.z.S.JWT.JWTAuthenticationFilter        : User authorities: {}[Admin]
2024-12-24 11:37:46.813  INFO 22660 --- [http-nio-8081-exec-9] c.z.S.JWT.JWTAuthenticationFilter        : JWT claims: {sub=com.zalo.Spring_Zalo.Entities.Roles@7f28accd, iat=1735013528, exp=1735022528, userName=admin, uid=7, email=admin@gmail.com, rid=4}
2024-12-24 11:37:50.390  INFO 22660 --- [http-nio-8081-exec-7] c.z.S.JWT.JWTAuthenticationFilter        : Received token: {}eyJhbGciOiJIUzUxMiJ9.eyJzdWIiOiJjb20uemFsby5TcHJpbmdfWmFsby5FbnRpdGllcy5Sb2xlc0A3ZjI4YWNjZCIsImlhdCI6MTczNTAxMzUyOCwiZXhwIjoxNzM1MDIyNTI4LCJ1c2VyTmFtZSI6ImFkbWluIiwidWlkIjo3LCJlbWFpbCI6ImFkbWluQGdtYWlsLmNvbSIsInJpZCI6NH0.R-5sUOpBaF0ympeY9MVHtQQhpMBsLMWjVM6tBM3TRjGZBKvj42LRTo_Oc4Dg8ZyNeaAid57QcDp34AvraantNg
2024-12-24 11:37:50.392  INFO 22660 --- [http-nio-8081-exec-7] com.zalo.Spring_Zalo.JWT.JWTGenerator    : JWT successfully validated
2024-12-24 11:37:50.393  INFO 22660 --- [http-nio-8081-exec-7] c.z.S.JWT.JWTAuthenticationFilter        : JWT claims: {sub=com.zalo.Spring_Zalo.Entities.Roles@7f28accd, iat=1735013528, exp=1735022528, userName=admin, uid=7, email=admin@gmail.com, rid=4}
2024-12-24 11:37:50.520  INFO 22660 --- [http-nio-8081-exec-7] c.z.S.JWT.CustomUserDetailsService       : Loaded user: admin
2024-12-24 11:37:50.520  INFO 22660 --- [http-nio-8081-exec-7] c.z.S.JWT.CustomUserDetailsService       : Authorities: [Admin]
2024-12-24 11:37:50.520  INFO 22660 --- [http-nio-8081-exec-7] c.z.S.JWT.JWTAuthenticationFilter        : User authorities: {}[Admin]
2024-12-24 11:37:50.524  INFO 22660 --- [http-nio-8081-exec-7] c.z.S.JWT.JWTAuthenticationFilter        : JWT claims: {sub=com.zalo.Spring_Zalo.Entities.Roles@7f28accd, iat=1735013528, exp=1735022528, userName=admin, uid=7, email=admin@gmail.com, rid=4}
2024-12-24 11:37:50.646  INFO 22660 --- [http-nio-8081-exec-2] c.z.S.JWT.JWTAuthenticationFilter        : Received token: {}eyJhbGciOiJIUzUxMiJ9.eyJzdWIiOiJjb20uemFsby5TcHJpbmdfWmFsby5FbnRpdGllcy5Sb2xlc0A3ZjI4YWNjZCIsImlhdCI6MTczNTAxMzUyOCwiZXhwIjoxNzM1MDIyNTI4LCJ1c2VyTmFtZSI6ImFkbWluIiwidWlkIjo3LCJlbWFpbCI6ImFkbWluQGdtYWlsLmNvbSIsInJpZCI6NH0.R-5sUOpBaF0ympeY9MVHtQQhpMBsLMWjVM6tBM3TRjGZBKvj42LRTo_Oc4Dg8ZyNeaAid57QcDp34AvraantNg
2024-12-24 11:37:50.648  INFO 22660 --- [http-nio-8081-exec-2] com.zalo.Spring_Zalo.JWT.JWTGenerator    : JWT successfully validated
2024-12-24 11:37:50.650  INFO 22660 --- [http-nio-8081-exec-2] c.z.S.JWT.JWTAuthenticationFilter        : JWT claims: {sub=com.zalo.Spring_Zalo.Entities.Roles@7f28accd, iat=1735013528, exp=1735022528, userName=admin, uid=7, email=admin@gmail.com, rid=4}
2024-12-24 11:37:50.759  INFO 22660 --- [http-nio-8081-exec-2] c.z.S.JWT.CustomUserDetailsService       : Loaded user: admin
2024-12-24 11:37:50.759  INFO 22660 --- [http-nio-8081-exec-2] c.z.S.JWT.CustomUserDetailsService       : Authorities: [Admin]
2024-12-24 11:37:50.759  INFO 22660 --- [http-nio-8081-exec-2] c.z.S.JWT.JWTAuthenticationFilter        : User authorities: {}[Admin]
2024-12-24 11:37:50.764  INFO 22660 --- [http-nio-8081-exec-2] c.z.S.JWT.JWTAuthenticationFilter        : JWT claims: {sub=com.zalo.Spring_Zalo.Entities.Roles@7f28accd, iat=1735013528, exp=1735022528, userName=admin, uid=7, email=admin@gmail.com, rid=4}
2024-12-24 11:37:51.374  INFO 22660 --- [http-nio-8081-exec-1] c.z.S.JWT.JWTAuthenticationFilter        : Received token: {}eyJhbGciOiJIUzUxMiJ9.eyJzdWIiOiJjb20uemFsby5TcHJpbmdfWmFsby5FbnRpdGllcy5Sb2xlc0A3ZjI4YWNjZCIsImlhdCI6MTczNTAxMzUyOCwiZXhwIjoxNzM1MDIyNTI4LCJ1c2VyTmFtZSI6ImFkbWluIiwidWlkIjo3LCJlbWFpbCI6ImFkbWluQGdtYWlsLmNvbSIsInJpZCI6NH0.R-5sUOpBaF0ympeY9MVHtQQhpMBsLMWjVM6tBM3TRjGZBKvj42LRTo_Oc4Dg8ZyNeaAid57QcDp34AvraantNg
2024-12-24 11:37:51.376  INFO 22660 --- [http-nio-8081-exec-1] com.zalo.Spring_Zalo.JWT.JWTGenerator    : JWT successfully validated
2024-12-24 11:37:51.376  INFO 22660 --- [http-nio-8081-exec-1] c.z.S.JWT.JWTAuthenticationFilter        : JWT claims: {sub=com.zalo.Spring_Zalo.Entities.Roles@7f28accd, iat=1735013528, exp=1735022528, userName=admin, uid=7, email=admin@gmail.com, rid=4}
2024-12-24 11:37:51.484  INFO 22660 --- [http-nio-8081-exec-1] c.z.S.JWT.CustomUserDetailsService       : Loaded user: admin
2024-12-24 11:37:51.485  INFO 22660 --- [http-nio-8081-exec-1] c.z.S.JWT.CustomUserDetailsService       : Authorities: [Admin]
2024-12-24 11:37:51.485  INFO 22660 --- [http-nio-8081-exec-1] c.z.S.JWT.JWTAuthenticationFilter        : User authorities: {}[Admin]
2024-12-24 11:37:51.489  INFO 22660 --- [http-nio-8081-exec-1] c.z.S.JWT.JWTAuthenticationFilter        : JWT claims: {sub=com.zalo.Spring_Zalo.Entities.Roles@7f28accd, iat=1735013528, exp=1735022528, userName=admin, uid=7, email=admin@gmail.com, rid=4}
2024-12-24 11:37:51.609  INFO 22660 --- [http-nio-8081-exec-10] c.z.S.JWT.JWTAuthenticationFilter        : Received token: {}eyJhbGciOiJIUzUxMiJ9.eyJzdWIiOiJjb20uemFsby5TcHJpbmdfWmFsby5FbnRpdGllcy5Sb2xlc0A3ZjI4YWNjZCIsImlhdCI6MTczNTAxMzUyOCwiZXhwIjoxNzM1MDIyNTI4LCJ1c2VyTmFtZSI6ImFkbWluIiwidWlkIjo3LCJlbWFpbCI6ImFkbWluQGdtYWlsLmNvbSIsInJpZCI6NH0.R-5sUOpBaF0ympeY9MVHtQQhpMBsLMWjVM6tBM3TRjGZBKvj42LRTo_Oc4Dg8ZyNeaAid57QcDp34AvraantNg
2024-12-24 11:37:51.610  INFO 22660 --- [http-nio-8081-exec-10] com.zalo.Spring_Zalo.JWT.JWTGenerator    : JWT successfully validated
2024-12-24 11:37:51.611  INFO 22660 --- [http-nio-8081-exec-10] c.z.S.JWT.JWTAuthenticationFilter        : JWT claims: {sub=com.zalo.Spring_Zalo.Entities.Roles@7f28accd, iat=1735013528, exp=1735022528, userName=admin, uid=7, email=admin@gmail.com, rid=4}
2024-12-24 11:37:51.738  INFO 22660 --- [http-nio-8081-exec-10] c.z.S.JWT.CustomUserDetailsService       : Loaded user: admin
2024-12-24 11:37:51.738  INFO 22660 --- [http-nio-8081-exec-10] c.z.S.JWT.CustomUserDetailsService       : Authorities: [Admin]
2024-12-24 11:37:51.739  INFO 22660 --- [http-nio-8081-exec-10] c.z.S.JWT.JWTAuthenticationFilter        : User authorities: {}[Admin]
2024-12-24 11:37:51.742  INFO 22660 --- [http-nio-8081-exec-10] c.z.S.JWT.JWTAuthenticationFilter        : JWT claims: {sub=com.zalo.Spring_Zalo.Entities.Roles@7f28accd, iat=1735013528, exp=1735022528, userName=admin, uid=7, email=admin@gmail.com, rid=4}
2024-12-24 11:38:44.830  INFO 22660 --- [http-nio-8081-exec-4] c.z.S.JWT.JWTAuthenticationFilter        : Received token: {}eyJhbGciOiJIUzUxMiJ9.eyJzdWIiOiJjb20uemFsby5TcHJpbmdfWmFsby5FbnRpdGllcy5Sb2xlc0A3ZjI4YWNjZCIsImlhdCI6MTczNTAxMzUyOCwiZXhwIjoxNzM1MDIyNTI4LCJ1c2VyTmFtZSI6ImFkbWluIiwidWlkIjo3LCJlbWFpbCI6ImFkbWluQGdtYWlsLmNvbSIsInJpZCI6NH0.R-5sUOpBaF0ympeY9MVHtQQhpMBsLMWjVM6tBM3TRjGZBKvj42LRTo_Oc4Dg8ZyNeaAid57QcDp34AvraantNg
2024-12-24 11:38:44.832  INFO 22660 --- [http-nio-8081-exec-4] com.zalo.Spring_Zalo.JWT.JWTGenerator    : JWT successfully validated
2024-12-24 11:38:44.833  INFO 22660 --- [http-nio-8081-exec-4] c.z.S.JWT.JWTAuthenticationFilter        : JWT claims: {sub=com.zalo.Spring_Zalo.Entities.Roles@7f28accd, iat=1735013528, exp=1735022528, userName=admin, uid=7, email=admin@gmail.com, rid=4}
2024-12-24 11:38:44.946  INFO 22660 --- [http-nio-8081-exec-4] c.z.S.JWT.CustomUserDetailsService       : Loaded user: admin
2024-12-24 11:38:44.946  INFO 22660 --- [http-nio-8081-exec-4] c.z.S.JWT.CustomUserDetailsService       : Authorities: [Admin]
2024-12-24 11:38:44.946  INFO 22660 --- [http-nio-8081-exec-4] c.z.S.JWT.JWTAuthenticationFilter        : User authorities: {}[Admin]
2024-12-24 11:38:44.950  INFO 22660 --- [http-nio-8081-exec-4] c.z.S.JWT.JWTAuthenticationFilter        : JWT claims: {sub=com.zalo.Spring_Zalo.Entities.Roles@7f28accd, iat=1735013528, exp=1735022528, userName=admin, uid=7, email=admin@gmail.com, rid=4}
2024-12-24 11:38:45.073  INFO 22660 --- [http-nio-8081-exec-6] c.z.S.JWT.JWTAuthenticationFilter        : Received token: {}eyJhbGciOiJIUzUxMiJ9.eyJzdWIiOiJjb20uemFsby5TcHJpbmdfWmFsby5FbnRpdGllcy5Sb2xlc0A3ZjI4YWNjZCIsImlhdCI6MTczNTAxMzUyOCwiZXhwIjoxNzM1MDIyNTI4LCJ1c2VyTmFtZSI6ImFkbWluIiwidWlkIjo3LCJlbWFpbCI6ImFkbWluQGdtYWlsLmNvbSIsInJpZCI6NH0.R-5sUOpBaF0ympeY9MVHtQQhpMBsLMWjVM6tBM3TRjGZBKvj42LRTo_Oc4Dg8ZyNeaAid57QcDp34AvraantNg
2024-12-24 11:38:45.075  INFO 22660 --- [http-nio-8081-exec-6] com.zalo.Spring_Zalo.JWT.JWTGenerator    : JWT successfully validated
2024-12-24 11:38:45.076  INFO 22660 --- [http-nio-8081-exec-6] c.z.S.JWT.JWTAuthenticationFilter        : JWT claims: {sub=com.zalo.Spring_Zalo.Entities.Roles@7f28accd, iat=1735013528, exp=1735022528, userName=admin, uid=7, email=admin@gmail.com, rid=4}
2024-12-24 11:38:45.227  INFO 22660 --- [http-nio-8081-exec-6] c.z.S.JWT.CustomUserDetailsService       : Loaded user: admin
2024-12-24 11:38:45.227  INFO 22660 --- [http-nio-8081-exec-6] c.z.S.JWT.CustomUserDetailsService       : Authorities: [Admin]
2024-12-24 11:38:45.227  INFO 22660 --- [http-nio-8081-exec-6] c.z.S.JWT.JWTAuthenticationFilter        : User authorities: {}[Admin]
2024-12-24 11:38:45.229  INFO 22660 --- [http-nio-8081-exec-6] c.z.S.JWT.JWTAuthenticationFilter        : JWT claims: {sub=com.zalo.Spring_Zalo.Entities.Roles@7f28accd, iat=1735013528, exp=1735022528, userName=admin, uid=7, email=admin@gmail.com, rid=4}
2024-12-24 11:39:34.876  INFO 22660 --- [http-nio-8081-exec-8] c.z.S.JWT.JWTAuthenticationFilter        : Received token: {}eyJhbGciOiJIUzUxMiJ9.eyJzdWIiOiJjb20uemFsby5TcHJpbmdfWmFsby5FbnRpdGllcy5Sb2xlc0A3ZjI4YWNjZCIsImlhdCI6MTczNTAxMzUyOCwiZXhwIjoxNzM1MDIyNTI4LCJ1c2VyTmFtZSI6ImFkbWluIiwidWlkIjo3LCJlbWFpbCI6ImFkbWluQGdtYWlsLmNvbSIsInJpZCI6NH0.R-5sUOpBaF0ympeY9MVHtQQhpMBsLMWjVM6tBM3TRjGZBKvj42LRTo_Oc4Dg8ZyNeaAid57QcDp34AvraantNg
2024-12-24 11:39:34.878  INFO 22660 --- [http-nio-8081-exec-8] com.zalo.Spring_Zalo.JWT.JWTGenerator    : JWT successfully validated
2024-12-24 11:39:34.879  INFO 22660 --- [http-nio-8081-exec-8] c.z.S.JWT.JWTAuthenticationFilter        : JWT claims: {sub=com.zalo.Spring_Zalo.Entities.Roles@7f28accd, iat=1735013528, exp=1735022528, userName=admin, uid=7, email=admin@gmail.com, rid=4}
2024-12-24 11:39:35.004  INFO 22660 --- [http-nio-8081-exec-8] c.z.S.JWT.CustomUserDetailsService       : Loaded user: admin
2024-12-24 11:39:35.004  INFO 22660 --- [http-nio-8081-exec-8] c.z.S.JWT.CustomUserDetailsService       : Authorities: [Admin]
2024-12-24 11:39:35.004  INFO 22660 --- [http-nio-8081-exec-8] c.z.S.JWT.JWTAuthenticationFilter        : User authorities: {}[Admin]
2024-12-24 11:39:35.006  INFO 22660 --- [http-nio-8081-exec-8] c.z.S.JWT.JWTAuthenticationFilter        : JWT claims: {sub=com.zalo.Spring_Zalo.Entities.Roles@7f28accd, iat=1735013528, exp=1735022528, userName=admin, uid=7, email=admin@gmail.com, rid=4}
2024-12-24 11:39:35.122  INFO 22660 --- [http-nio-8081-exec-7] c.z.S.JWT.JWTAuthenticationFilter        : Received token: {}eyJhbGciOiJIUzUxMiJ9.eyJzdWIiOiJjb20uemFsby5TcHJpbmdfWmFsby5FbnRpdGllcy5Sb2xlc0A3ZjI4YWNjZCIsImlhdCI6MTczNTAxMzUyOCwiZXhwIjoxNzM1MDIyNTI4LCJ1c2VyTmFtZSI6ImFkbWluIiwidWlkIjo3LCJlbWFpbCI6ImFkbWluQGdtYWlsLmNvbSIsInJpZCI6NH0.R-5sUOpBaF0ympeY9MVHtQQhpMBsLMWjVM6tBM3TRjGZBKvj42LRTo_Oc4Dg8ZyNeaAid57QcDp34AvraantNg
2024-12-24 11:39:35.122  INFO 22660 --- [http-nio-8081-exec-7] com.zalo.Spring_Zalo.JWT.JWTGenerator    : JWT successfully validated
2024-12-24 11:39:35.123  INFO 22660 --- [http-nio-8081-exec-7] c.z.S.JWT.JWTAuthenticationFilter        : JWT claims: {sub=com.zalo.Spring_Zalo.Entities.Roles@7f28accd, iat=1735013528, exp=1735022528, userName=admin, uid=7, email=admin@gmail.com, rid=4}
2024-12-24 11:39:35.240  INFO 22660 --- [http-nio-8081-exec-7] c.z.S.JWT.CustomUserDetailsService       : Loaded user: admin
2024-12-24 11:39:35.241  INFO 22660 --- [http-nio-8081-exec-7] c.z.S.JWT.CustomUserDetailsService       : Authorities: [Admin]
2024-12-24 11:39:35.241  INFO 22660 --- [http-nio-8081-exec-7] c.z.S.JWT.JWTAuthenticationFilter        : User authorities: {}[Admin]
2024-12-24 11:39:35.246  INFO 22660 --- [http-nio-8081-exec-7] c.z.S.JWT.JWTAuthenticationFilter        : JWT claims: {sub=com.zalo.Spring_Zalo.Entities.Roles@7f28accd, iat=1735013528, exp=1735022528, userName=admin, uid=7, email=admin@gmail.com, rid=4}
2024-12-24 11:39:36.728  INFO 22660 --- [http-nio-8081-exec-2] c.z.S.JWT.JWTAuthenticationFilter        : Received token: {}eyJhbGciOiJIUzUxMiJ9.eyJzdWIiOiJjb20uemFsby5TcHJpbmdfWmFsby5FbnRpdGllcy5Sb2xlc0A3ZjI4YWNjZCIsImlhdCI6MTczNTAxMzUyOCwiZXhwIjoxNzM1MDIyNTI4LCJ1c2VyTmFtZSI6ImFkbWluIiwidWlkIjo3LCJlbWFpbCI6ImFkbWluQGdtYWlsLmNvbSIsInJpZCI6NH0.R-5sUOpBaF0ympeY9MVHtQQhpMBsLMWjVM6tBM3TRjGZBKvj42LRTo_Oc4Dg8ZyNeaAid57QcDp34AvraantNg
2024-12-24 11:39:36.729  INFO 22660 --- [http-nio-8081-exec-2] com.zalo.Spring_Zalo.JWT.JWTGenerator    : JWT successfully validated
2024-12-24 11:39:36.730  INFO 22660 --- [http-nio-8081-exec-2] c.z.S.JWT.JWTAuthenticationFilter        : JWT claims: {sub=com.zalo.Spring_Zalo.Entities.Roles@7f28accd, iat=1735013528, exp=1735022528, userName=admin, uid=7, email=admin@gmail.com, rid=4}
2024-12-24 11:39:36.848  INFO 22660 --- [http-nio-8081-exec-2] c.z.S.JWT.CustomUserDetailsService       : Loaded user: admin
2024-12-24 11:39:36.848  INFO 22660 --- [http-nio-8081-exec-2] c.z.S.JWT.CustomUserDetailsService       : Authorities: [Admin]
2024-12-24 11:39:36.848  INFO 22660 --- [http-nio-8081-exec-2] c.z.S.JWT.JWTAuthenticationFilter        : User authorities: {}[Admin]
2024-12-24 11:39:36.853  INFO 22660 --- [http-nio-8081-exec-2] c.z.S.JWT.JWTAuthenticationFilter        : JWT claims: {sub=com.zalo.Spring_Zalo.Entities.Roles@7f28accd, iat=1735013528, exp=1735022528, userName=admin, uid=7, email=admin@gmail.com, rid=4}
2024-12-24 11:39:36.971  INFO 22660 --- [http-nio-8081-exec-1] c.z.S.JWT.JWTAuthenticationFilter        : Received token: {}eyJhbGciOiJIUzUxMiJ9.eyJzdWIiOiJjb20uemFsby5TcHJpbmdfWmFsby5FbnRpdGllcy5Sb2xlc0A3ZjI4YWNjZCIsImlhdCI6MTczNTAxMzUyOCwiZXhwIjoxNzM1MDIyNTI4LCJ1c2VyTmFtZSI6ImFkbWluIiwidWlkIjo3LCJlbWFpbCI6ImFkbWluQGdtYWlsLmNvbSIsInJpZCI6NH0.R-5sUOpBaF0ympeY9MVHtQQhpMBsLMWjVM6tBM3TRjGZBKvj42LRTo_Oc4Dg8ZyNeaAid57QcDp34AvraantNg
2024-12-24 11:39:36.972  INFO 22660 --- [http-nio-8081-exec-1] com.zalo.Spring_Zalo.JWT.JWTGenerator    : JWT successfully validated
2024-12-24 11:39:36.972  INFO 22660 --- [http-nio-8081-exec-1] c.z.S.JWT.JWTAuthenticationFilter        : JWT claims: {sub=com.zalo.Spring_Zalo.Entities.Roles@7f28accd, iat=1735013528, exp=1735022528, userName=admin, uid=7, email=admin@gmail.com, rid=4}
2024-12-24 11:39:37.084  INFO 22660 --- [http-nio-8081-exec-1] c.z.S.JWT.CustomUserDetailsService       : Loaded user: admin
2024-12-24 11:39:37.085  INFO 22660 --- [http-nio-8081-exec-1] c.z.S.JWT.CustomUserDetailsService       : Authorities: [Admin]
2024-12-24 11:39:37.085  INFO 22660 --- [http-nio-8081-exec-1] c.z.S.JWT.JWTAuthenticationFilter        : User authorities: {}[Admin]
2024-12-24 11:39:37.088  INFO 22660 --- [http-nio-8081-exec-1] c.z.S.JWT.JWTAuthenticationFilter        : JWT claims: {sub=com.zalo.Spring_Zalo.Entities.Roles@7f28accd, iat=1735013528, exp=1735022528, userName=admin, uid=7, email=admin@gmail.com, rid=4}
2024-12-24 11:39:37.657  INFO 22660 --- [http-nio-8081-exec-10] c.z.S.JWT.JWTAuthenticationFilter        : Received token: {}eyJhbGciOiJIUzUxMiJ9.eyJzdWIiOiJjb20uemFsby5TcHJpbmdfWmFsby5FbnRpdGllcy5Sb2xlc0A3ZjI4YWNjZCIsImlhdCI6MTczNTAxMzUyOCwiZXhwIjoxNzM1MDIyNTI4LCJ1c2VyTmFtZSI6ImFkbWluIiwidWlkIjo3LCJlbWFpbCI6ImFkbWluQGdtYWlsLmNvbSIsInJpZCI6NH0.R-5sUOpBaF0ympeY9MVHtQQhpMBsLMWjVM6tBM3TRjGZBKvj42LRTo_Oc4Dg8ZyNeaAid57QcDp34AvraantNg
2024-12-24 11:39:37.658  INFO 22660 --- [http-nio-8081-exec-10] com.zalo.Spring_Zalo.JWT.JWTGenerator    : JWT successfully validated
2024-12-24 11:39:37.658  INFO 22660 --- [http-nio-8081-exec-10] c.z.S.JWT.JWTAuthenticationFilter        : JWT claims: {sub=com.zalo.Spring_Zalo.Entities.Roles@7f28accd, iat=1735013528, exp=1735022528, userName=admin, uid=7, email=admin@gmail.com, rid=4}
2024-12-24 11:39:37.786  INFO 22660 --- [http-nio-8081-exec-10] c.z.S.JWT.CustomUserDetailsService       : Loaded user: admin
2024-12-24 11:39:37.786  INFO 22660 --- [http-nio-8081-exec-10] c.z.S.JWT.CustomUserDetailsService       : Authorities: [Admin]
2024-12-24 11:39:37.786  INFO 22660 --- [http-nio-8081-exec-10] c.z.S.JWT.JWTAuthenticationFilter        : User authorities: {}[Admin]
2024-12-24 11:39:37.791  INFO 22660 --- [http-nio-8081-exec-10] c.z.S.JWT.JWTAuthenticationFilter        : JWT claims: {sub=com.zalo.Spring_Zalo.Entities.Roles@7f28accd, iat=1735013528, exp=1735022528, userName=admin, uid=7, email=admin@gmail.com, rid=4}
2024-12-24 11:39:37.910  INFO 22660 --- [http-nio-8081-exec-3] c.z.S.JWT.JWTAuthenticationFilter        : Received token: {}eyJhbGciOiJIUzUxMiJ9.eyJzdWIiOiJjb20uemFsby5TcHJpbmdfWmFsby5FbnRpdGllcy5Sb2xlc0A3ZjI4YWNjZCIsImlhdCI6MTczNTAxMzUyOCwiZXhwIjoxNzM1MDIyNTI4LCJ1c2VyTmFtZSI6ImFkbWluIiwidWlkIjo3LCJlbWFpbCI6ImFkbWluQGdtYWlsLmNvbSIsInJpZCI6NH0.R-5sUOpBaF0ympeY9MVHtQQhpMBsLMWjVM6tBM3TRjGZBKvj42LRTo_Oc4Dg8ZyNeaAid57QcDp34AvraantNg
2024-12-24 11:39:37.910  INFO 22660 --- [http-nio-8081-exec-3] com.zalo.Spring_Zalo.JWT.JWTGenerator    : JWT successfully validated
2024-12-24 11:39:37.911  INFO 22660 --- [http-nio-8081-exec-3] c.z.S.JWT.JWTAuthenticationFilter        : JWT claims: {sub=com.zalo.Spring_Zalo.Entities.Roles@7f28accd, iat=1735013528, exp=1735022528, userName=admin, uid=7, email=admin@gmail.com, rid=4}
2024-12-24 11:39:38.037  INFO 22660 --- [http-nio-8081-exec-3] c.z.S.JWT.CustomUserDetailsService       : Loaded user: admin
2024-12-24 11:39:38.037  INFO 22660 --- [http-nio-8081-exec-3] c.z.S.JWT.CustomUserDetailsService       : Authorities: [Admin]
2024-12-24 11:39:38.037  INFO 22660 --- [http-nio-8081-exec-3] c.z.S.JWT.JWTAuthenticationFilter        : User authorities: {}[Admin]
2024-12-24 11:39:38.040  INFO 22660 --- [http-nio-8081-exec-3] c.z.S.JWT.JWTAuthenticationFilter        : JWT claims: {sub=com.zalo.Spring_Zalo.Entities.Roles@7f28accd, iat=1735013528, exp=1735022528, userName=admin, uid=7, email=admin@gmail.com, rid=4}
2024-12-24 13:57:44.460  INFO 22660 --- [http-nio-8081-exec-6] c.z.S.JWT.JWTAuthenticationFilter        : Received token: {}null
2024-12-24 13:57:44.460  INFO 22660 --- [http-nio-8081-exec-9] c.z.S.JWT.JWTAuthenticationFilter        : Received token: {}null
2024-12-24 13:57:44.589  INFO 22660 --- [http-nio-8081-exec-8] c.z.S.JWT.JWTAuthenticationFilter        : Received token: {}eyJhbGciOiJIUzUxMiJ9.eyJzdWIiOiJjb20uemFsby5TcHJpbmdfWmFsby5FbnRpdGllcy5Sb2xlc0A3ZjI4YWNjZCIsImlhdCI6MTczNTAxMzUyOCwiZXhwIjoxNzM1MDIyNTI4LCJ1c2VyTmFtZSI6ImFkbWluIiwidWlkIjo3LCJlbWFpbCI6ImFkbWluQGdtYWlsLmNvbSIsInJpZCI6NH0.R-5sUOpBaF0ympeY9MVHtQQhpMBsLMWjVM6tBM3TRjGZBKvj42LRTo_Oc4Dg8ZyNeaAid57QcDp34AvraantNg
2024-12-24 13:57:44.618  INFO 22660 --- [http-nio-8081-exec-8] com.zalo.Spring_Zalo.JWT.JWTGenerator    : Token expired
2024-12-24 13:57:44.640 ERROR 22660 --- [http-nio-8081-exec-8] c.z.S.JWT.JWTAuthenticationFilter        : Cannot set user authentication: {}Request processing failed: io.jsonwebtoken.ExpiredJwtException: JWT expired at 2024-12-24T13:42:08Z. Current time: 2024-12-24T13:57:44Z, a difference of 936637 milliseconds.  Allowed clock skew: 0 milliseconds.
2024-12-24 13:57:44.643  INFO 22660 --- [http-nio-8081-exec-7] c.z.S.JWT.JWTAuthenticationFilter        : Received token: {}eyJhbGciOiJIUzUxMiJ9.eyJzdWIiOiJjb20uemFsby5TcHJpbmdfWmFsby5FbnRpdGllcy5Sb2xlc0A3ZjI4YWNjZCIsImlhdCI6MTczNTAxMzUyOCwiZXhwIjoxNzM1MDIyNTI4LCJ1c2VyTmFtZSI6ImFkbWluIiwidWlkIjo3LCJlbWFpbCI6ImFkbWluQGdtYWlsLmNvbSIsInJpZCI6NH0.R-5sUOpBaF0ympeY9MVHtQQhpMBsLMWjVM6tBM3TRjGZBKvj42LRTo_Oc4Dg8ZyNeaAid57QcDp34AvraantNg
2024-12-24 13:57:44.645  INFO 22660 --- [http-nio-8081-exec-7] com.zalo.Spring_Zalo.JWT.JWTGenerator    : Token expired
2024-12-24 13:57:44.648 ERROR 22660 --- [http-nio-8081-exec-7] c.z.S.JWT.JWTAuthenticationFilter        : Cannot set user authentication: {}Request processing failed: io.jsonwebtoken.ExpiredJwtException: JWT expired at 2024-12-24T13:42:08Z. Current time: 2024-12-24T13:57:44Z, a difference of 936647 milliseconds.  Allowed clock skew: 0 milliseconds.
