2024-12-25 08:47:17.023  INFO 19168 --- [restartedMain] c.z.Spring_Zalo.SpringZaloApplication    : Starting SpringZaloApplication using Java 17.0.5 with PID 19168 (C:\dang\spring_mogodb\target\classes started by ADMIN in C:\dang\spring_mogodb)
2024-12-25 08:47:17.039  INFO 19168 --- [restartedMain] c.z.Spring_Zalo.SpringZaloApplication    : No active profile set, falling back to 1 default profile: "default"
2024-12-25 08:47:17.090  INFO 19168 --- [restartedMain] .e.DevToolsPropertyDefaultsPostProcessor : Devtools property defaults active! Set 'spring.devtools.add-properties' to 'false' to disable
2024-12-25 08:47:17.090  INFO 19168 --- [restartedMain] .e.DevToolsPropertyDefaultsPostProcessor : For additional web related logging consider setting the 'logging.level.web' property to 'DEBUG'
2024-12-25 08:47:17.808  INFO 19168 --- [restartedMain] .s.d.r.c.RepositoryConfigurationDelegate : Bootstrapping Spring Data MongoDB repositories in DEFAULT mode.
2024-12-25 08:47:17.872  INFO 19168 --- [restartedMain] .s.d.r.c.RepositoryConfigurationDelegate : Finished Spring Data repository scanning in 60 ms. Found 7 MongoDB repository interfaces.
2024-12-25 08:47:18.225  INFO 19168 --- [restartedMain] o.s.b.w.embedded.tomcat.TomcatWebServer  : Tomcat initialized with port(s): 8081 (http)
2024-12-25 08:47:18.233  INFO 19168 --- [restartedMain] o.apache.catalina.core.StandardService   : Starting service [Tomcat]
2024-12-25 08:47:18.233  INFO 19168 --- [restartedMain] o.apache.catalina.core.StandardEngine    : Starting Servlet engine: [Apache Tomcat/10.1.15]
2024-12-25 08:47:18.281  INFO 19168 --- [restartedMain] o.a.c.c.C.[Tomcat].[localhost].[/]       : Initializing Spring embedded WebApplicationContext
2024-12-25 08:47:18.282  INFO 19168 --- [restartedMain] w.s.c.ServletWebServerApplicationContext : Root WebApplicationContext: initialization completed in 1191 ms
2024-12-25 08:47:18.450  INFO 19168 --- [cluster-ClusterId{value='676b6426c2a96074dd4ecb56', description='null'}-srv-springreact.2822w.mongodb.net] org.mongodb.driver.cluster               : Adding discovered server springreact-shard-00-01.2822w.mongodb.net:27017 to client view of cluster
2024-12-25 08:47:18.458  INFO 19168 --- [restartedMain] org.mongodb.driver.client                : MongoClient with metadata {"driver": {"name": "mongo-java-driver|sync|spring-boot", "version": "4.9.1"}, "os": {"type": "Windows", "name": "Windows 11", "architecture": "amd64", "version": "10.0"}, "platform": "Java/Eclipse Adoptium/17.0.5+8"} created with settings MongoClientSettings{readPreference=primary, writeConcern=WriteConcern{w=null, wTimeout=null ms, journal=null}, retryWrites=true, retryReads=true, readConcern=ReadConcern{level=null}, credential=MongoCredential{mechanism=null, userName='dang', source='admin', password=<hidden>, mechanismProperties=<hidden>}, streamFactoryFactory=null, commandListeners=[], codecRegistry=ProvidersCodecRegistry{codecProviders=[ValueCodecProvider{}, BsonValueCodecProvider{}, DBRefCodecProvider{}, DBObjectCodecProvider{}, DocumentCodecProvider{}, CollectionCodecProvider{}, IterableCodecProvider{}, MapCodecProvider{}, GeoJsonCodecProvider{}, GridFSFileCodecProvider{}, Jsr310CodecProvider{}, JsonObjectCodecProvider{}, BsonCodecProvider{}, EnumCodecProvider{}, com.mongodb.client.model.mql.ExpressionCodecProvider@20e0a267, com.mongodb.Jep395RecordCodecProvider@416bea6b]}, loggerSettings=LoggerSettings{maxDocumentLength=1000}, clusterSettings={hosts=[127.0.0.1:27017], srvHost=springreact.2822w.mongodb.net, srvServiceName=mongodb, mode=MULTIPLE, requiredClusterType=REPLICA_SET, requiredReplicaSetName='atlas-evrznc-shard-0', serverSelector='null', clusterListeners='[]', serverSelectionTimeout='30000 ms', localThreshold='30000 ms'}, socketSettings=SocketSettings{connectTimeoutMS=10000, readTimeoutMS=0, receiveBufferSize=0, sendBufferSize=0}, heartbeatSocketSettings=SocketSettings{connectTimeoutMS=10000, readTimeoutMS=10000, receiveBufferSize=0, sendBufferSize=0}, connectionPoolSettings=ConnectionPoolSettings{maxSize=100, minSize=0, maxWaitTimeMS=120000, maxConnectionLifeTimeMS=0, maxConnectionIdleTimeMS=0, maintenanceInitialDelayMS=0, maintenanceFrequencyMS=60000, connectionPoolListeners=[], maxConnecting=2}, serverSettings=ServerSettings{heartbeatFrequencyMS=10000, minHeartbeatFrequencyMS=500, serverListeners='[]', serverMonitorListeners='[]'}, sslSettings=SslSettings{enabled=true, invalidHostNameAllowed=false, context=null}, applicationName='null', compressorList=[], uuidRepresentation=JAVA_LEGACY, serverApi=null, autoEncryptionSettings=null, contextProvider=null}
2024-12-25 08:47:18.484  INFO 19168 --- [cluster-ClusterId{value='676b6426c2a96074dd4ecb56', description='null'}-srv-springreact.2822w.mongodb.net] org.mongodb.driver.cluster               : Adding discovered server springreact-shard-00-00.2822w.mongodb.net:27017 to client view of cluster
2024-12-25 08:47:18.485  INFO 19168 --- [cluster-ClusterId{value='676b6426c2a96074dd4ecb56', description='null'}-srv-springreact.2822w.mongodb.net] org.mongodb.driver.cluster               : Adding discovered server springreact-shard-00-02.2822w.mongodb.net:27017 to client view of cluster
2024-12-25 08:47:18.848  INFO 19168 --- [restartedMain] o.s.b.d.a.OptionalLiveReloadServer       : LiveReload server is running on port 35729
2024-12-25 08:47:19.026  INFO 19168 --- [cluster-ClusterId{value='676b6426c2a96074dd4ecb56', description='null'}-springreact-shard-00-02.2822w.mongodb.net:27017] org.mongodb.driver.cluster               : Monitor thread successfully connected to server with description ServerDescription{address=springreact-shard-00-02.2822w.mongodb.net:27017, type=REPLICA_SET_PRIMARY, state=CONNECTED, ok=true, minWireVersion=0, maxWireVersion=25, maxDocumentSize=16777216, logicalSessionTimeoutMinutes=30, roundTripTimeNanos=251119100, setName='atlas-evrznc-shard-0', canonicalAddress=springreact-shard-00-02.2822w.mongodb.net:27017, hosts=[springreact-shard-00-00.2822w.mongodb.net:27017, springreact-shard-00-01.2822w.mongodb.net:27017, springreact-shard-00-02.2822w.mongodb.net:27017], passives=[], arbiters=[], primary='springreact-shard-00-02.2822w.mongodb.net:27017', tagSet=TagSet{[Tag{name='availabilityZone', value='apse1-az3'}, Tag{name='diskState', value='READY'}, Tag{name='nodeType', value='ELECTABLE'}, Tag{name='provider', value='AWS'}, Tag{name='region', value='AP_SOUTHEAST_1'}, Tag{name='workloadType', value='OPERATIONAL'}]}, electionId=7fffffff0000000000000125, setVersion=63, topologyVersion=TopologyVersion{processId=6761949c39a2473b38c59403, counter=6}, lastWriteDate=Wed Dec 25 08:47:17 ICT 2024, lastUpdateTimeNanos=3703714290800}
2024-12-25 08:47:19.026  INFO 19168 --- [cluster-ClusterId{value='676b6426c2a96074dd4ecb56', description='null'}-springreact-shard-00-00.2822w.mongodb.net:27017] org.mongodb.driver.cluster               : Monitor thread successfully connected to server with description ServerDescription{address=springreact-shard-00-00.2822w.mongodb.net:27017, type=REPLICA_SET_SECONDARY, state=CONNECTED, ok=true, minWireVersion=0, maxWireVersion=25, maxDocumentSize=16777216, logicalSessionTimeoutMinutes=30, roundTripTimeNanos=250264000, setName='atlas-evrznc-shard-0', canonicalAddress=springreact-shard-00-00.2822w.mongodb.net:27017, hosts=[springreact-shard-00-00.2822w.mongodb.net:27017, springreact-shard-00-01.2822w.mongodb.net:27017, springreact-shard-00-02.2822w.mongodb.net:27017], passives=[], arbiters=[], primary='springreact-shard-00-02.2822w.mongodb.net:27017', tagSet=TagSet{[Tag{name='availabilityZone', value='apse1-az1'}, Tag{name='diskState', value='READY'}, Tag{name='nodeType', value='ELECTABLE'}, Tag{name='provider', value='AWS'}, Tag{name='region', value='AP_SOUTHEAST_1'}, Tag{name='workloadType', value='OPERATIONAL'}]}, electionId=null, setVersion=63, topologyVersion=TopologyVersion{processId=6761945e510f7171459d23e8, counter=4}, lastWriteDate=Wed Dec 25 08:47:17 ICT 2024, lastUpdateTimeNanos=3703714290700}
2024-12-25 08:47:19.029  INFO 19168 --- [cluster-ClusterId{value='676b6426c2a96074dd4ecb56', description='null'}-springreact-shard-00-02.2822w.mongodb.net:27017] org.mongodb.driver.cluster               : Discovered replica set primary springreact-shard-00-02.2822w.mongodb.net:27017 with max election id 7fffffff0000000000000125 and max set version 63
2024-12-25 08:47:19.113  INFO 19168 --- [cluster-ClusterId{value='676b6426c2a96074dd4ecb56', description='null'}-springreact-shard-00-01.2822w.mongodb.net:27017] org.mongodb.driver.cluster               : Monitor thread successfully connected to server with description ServerDescription{address=springreact-shard-00-01.2822w.mongodb.net:27017, type=REPLICA_SET_SECONDARY, state=CONNECTED, ok=true, minWireVersion=0, maxWireVersion=25, maxDocumentSize=16777216, logicalSessionTimeoutMinutes=30, roundTripTimeNanos=116109900, setName='atlas-evrznc-shard-0', canonicalAddress=springreact-shard-00-01.2822w.mongodb.net:27017, hosts=[springreact-shard-00-00.2822w.mongodb.net:27017, springreact-shard-00-01.2822w.mongodb.net:27017, springreact-shard-00-02.2822w.mongodb.net:27017], passives=[], arbiters=[], primary='springreact-shard-00-02.2822w.mongodb.net:27017', tagSet=TagSet{[Tag{name='availabilityZone', value='apse1-az2'}, Tag{name='diskState', value='READY'}, Tag{name='nodeType', value='ELECTABLE'}, Tag{name='provider', value='AWS'}, Tag{name='region', value='AP_SOUTHEAST_1'}, Tag{name='workloadType', value='OPERATIONAL'}]}, electionId=null, setVersion=63, topologyVersion=TopologyVersion{processId=676194db6a327ccc3cec1a34, counter=3}, lastWriteDate=Wed Dec 25 08:47:17 ICT 2024, lastUpdateTimeNanos=3703802256700}
2024-12-25 08:47:19.130  INFO 19168 --- [restartedMain] o.s.s.web.DefaultSecurityFilterChain     : Will secure any request with [org.springframework.security.web.session.DisableEncodeUrlFilter@7ebf32b6, org.springframework.security.web.context.request.async.WebAsyncManagerIntegrationFilter@e6f006, org.springframework.security.web.context.SecurityContextHolderFilter@2c94387b, org.springframework.security.web.header.HeaderWriterFilter@631432a8, org.springframework.security.web.authentication.logout.LogoutFilter@31365796, com.zalo.Spring_Zalo.JWT.JWTAuthenticationFilter@623409a, org.springframework.security.web.savedrequest.RequestCacheAwareFilter@3e038756, org.springframework.security.web.servletapi.SecurityContextHolderAwareRequestFilter@213ba140, org.springframework.security.web.authentication.AnonymousAuthenticationFilter@2bfcfaa3, org.springframework.security.web.session.SessionManagementFilter@6b577ba6, org.springframework.security.web.access.ExceptionTranslationFilter@28526eea, org.springframework.security.web.access.intercept.FilterSecurityInterceptor@2999a4d3]
2024-12-25 08:47:19.545  INFO 19168 --- [restartedMain] o.s.b.w.embedded.tomcat.TomcatWebServer  : Tomcat started on port(s): 8081 (http) with context path ''
2024-12-25 08:47:19.552  INFO 19168 --- [restartedMain] c.z.Spring_Zalo.SpringZaloApplication    : Started SpringZaloApplication in 4.462 seconds (process running for 5.27)
2024-12-25 11:11:04.961  INFO 19168 --- [http-nio-8081-exec-1] o.a.c.c.C.[Tomcat].[localhost].[/]       : Initializing Spring DispatcherServlet 'dispatcherServlet'
2024-12-25 11:11:04.980  INFO 19168 --- [http-nio-8081-exec-1] o.s.web.servlet.DispatcherServlet        : Initializing Servlet 'dispatcherServlet'
2024-12-25 11:11:05.026  INFO 19168 --- [http-nio-8081-exec-1] o.s.web.servlet.DispatcherServlet        : Completed initialization in 45 ms
2024-12-25 11:11:05.062  INFO 19168 --- [http-nio-8081-exec-1] c.z.S.JWT.JWTAuthenticationFilter        : Received token: {}null
2024-12-25 11:11:15.369  INFO 19168 --- [http-nio-8081-exec-2] c.z.S.JWT.JWTAuthenticationFilter        : Received token: {}null
2024-12-25 11:11:15.455  INFO 19168 --- [http-nio-8081-exec-3] c.z.S.JWT.JWTAuthenticationFilter        : Received token: {}null
2024-12-25 11:11:54.384  INFO 19168 --- [http-nio-8081-exec-6] c.z.S.JWT.JWTAuthenticationFilter        : Received token: {}null
2024-12-25 11:11:56.340  INFO 19168 --- [http-nio-8081-exec-7] c.z.S.JWT.JWTAuthenticationFilter        : Received token: {}null
2024-12-25 11:13:00.164  INFO 19168 --- [http-nio-8081-exec-9] c.z.S.JWT.JWTAuthenticationFilter        : Received token: {}null
2024-12-25 11:13:00.238  INFO 19168 --- [http-nio-8081-exec-10] c.z.S.JWT.JWTAuthenticationFilter        : Received token: {}null
2024-12-25 11:13:06.640  INFO 19168 --- [http-nio-8081-exec-1] c.z.S.JWT.JWTAuthenticationFilter        : Received token: {}null
2024-12-25 11:13:06.715  INFO 19168 --- [http-nio-8081-exec-2] c.z.S.JWT.JWTAuthenticationFilter        : Received token: {}null
2024-12-25 11:13:35.984  INFO 19168 --- [http-nio-8081-exec-3] c.z.S.JWT.JWTAuthenticationFilter        : Received token: {}null
2024-12-25 11:13:47.349  INFO 19168 --- [http-nio-8081-exec-4] c.z.S.JWT.JWTAuthenticationFilter        : Received token: {}null
2024-12-25 11:14:52.450  INFO 19168 --- [http-nio-8081-exec-7] c.z.S.JWT.JWTAuthenticationFilter        : Received token: {}null
2024-12-25 11:14:52.554  INFO 19168 --- [http-nio-8081-exec-8] c.z.S.JWT.JWTAuthenticationFilter        : Received token: {}null
2024-12-25 11:14:54.362  INFO 19168 --- [http-nio-8081-exec-9] c.z.S.JWT.JWTAuthenticationFilter        : Received token: {}null
2024-12-25 11:15:05.358  INFO 19168 --- [http-nio-8081-exec-10] c.z.S.JWT.JWTAuthenticationFilter        : Received token: {}null
2024-12-25 11:15:07.350  INFO 19168 --- [http-nio-8081-exec-1] c.z.S.JWT.JWTAuthenticationFilter        : Received token: {}null
2024-12-25 11:15:08.336  INFO 19168 --- [http-nio-8081-exec-2] c.z.S.JWT.JWTAuthenticationFilter        : Received token: {}null
2024-12-25 11:15:12.350  INFO 19168 --- [http-nio-8081-exec-3] c.z.S.JWT.JWTAuthenticationFilter        : Received token: {}null
2024-12-25 11:15:15.351  INFO 19168 --- [http-nio-8081-exec-4] c.z.S.JWT.JWTAuthenticationFilter        : Received token: {}null
2024-12-25 11:15:18.345  INFO 19168 --- [http-nio-8081-exec-5] c.z.S.JWT.JWTAuthenticationFilter        : Received token: {}null
2024-12-25 11:15:23.351  INFO 19168 --- [http-nio-8081-exec-6] c.z.S.JWT.JWTAuthenticationFilter        : Received token: {}null
2024-12-25 11:15:45.350  INFO 19168 --- [http-nio-8081-exec-7] c.z.S.JWT.JWTAuthenticationFilter        : Received token: {}null
2024-12-25 11:15:50.342  INFO 19168 --- [http-nio-8081-exec-8] c.z.S.JWT.JWTAuthenticationFilter        : Received token: {}null
2024-12-25 11:16:09.339  INFO 19168 --- [http-nio-8081-exec-10] c.z.S.JWT.JWTAuthenticationFilter        : Received token: {}null
2024-12-25 11:16:47.349  INFO 19168 --- [http-nio-8081-exec-1] c.z.S.JWT.JWTAuthenticationFilter        : Received token: {}null
2024-12-25 11:18:49.339  INFO 19168 --- [http-nio-8081-exec-3] c.z.S.JWT.JWTAuthenticationFilter        : Received token: {}null
2024-12-25 11:18:52.512  INFO 19168 --- [http-nio-8081-exec-4] c.z.S.JWT.JWTAuthenticationFilter        : Received token: {}null
2024-12-25 11:18:54.121  INFO 19168 --- [http-nio-8081-exec-5] c.z.S.JWT.JWTAuthenticationFilter        : Received token: {}null
2024-12-25 11:18:54.183  INFO 19168 --- [http-nio-8081-exec-6] c.z.S.JWT.JWTAuthenticationFilter        : Received token: {}null
2024-12-25 11:19:00.055  INFO 19168 --- [http-nio-8081-exec-7] c.z.S.JWT.JWTAuthenticationFilter        : Received token: {}null
2024-12-25 11:19:00.128  INFO 19168 --- [http-nio-8081-exec-8] c.z.S.JWT.JWTAuthenticationFilter        : Received token: {}null
